#
# There is insufficient memory for the Java Runtime Environment to continue.
# Native memory allocation (malloc) failed to allocate 1148336 bytes for Chunk::new
# Possible reasons:
#   The system is out of physical RAM or swap space
#   The process is running with CompressedOops enabled, and the Java Heap may be blocking the growth of the native heap
# Possible solutions:
#   Reduce memory load on the system
#   Increase physical memory or swap space
#   Check if swap backing store is full
#   Decrease Java heap size (-Xmx/-Xms)
#   Decrease number of Java threads
#   Decrease Java thread stack sizes (-Xss)
#   Set larger code cache with -XX:ReservedCodeCacheSize=
#   JVM is running with Unscaled Compressed Oops mode in which the Java heap is
#     placed in the first 4GB address space. The Java Heap base address is the
#     maximum limit for the native heap growth. Please use -XX:HeapBaseMinAddress
#     to set the Java Heap base and to place the Java Heap above 4GB virtual address.
# This output file may be truncated or incomplete.
#
#  Out of Memory Error (allocation.cpp:389), pid=4188, tid=0x0000000000004a30
#
# JRE version: Java(TM) SE Runtime Environment (8.0_311-b11) (build 1.8.0_311-b11)
# Java VM: Java HotSpot(TM) 64-Bit Server VM (25.311-b11 mixed mode windows-amd64 compressed oops)
# Failed to write core dump. Minidumps are not enabled by default on client versions of Windows
#

---------------  T H R E A D  ---------------

Current thread (0x0000017a551e4000):  JavaThread "C2 CompilerThread0" daemon [_thread_in_native, id=18992, stack(0x00000075d1100000,0x00000075d1200000)]

Stack: [0x00000075d1100000,0x00000075d1200000]
Native frames: (J=compiled Java code, j=interpreted, Vv=VM code, C=native code)
V  [jvm.dll+0x32f239]
V  [jvm.dll+0x275882]
V  [jvm.dll+0x27652d]
V  [jvm.dll+0x26cf65]
V  [jvm.dll+0xd558c]
V  [jvm.dll+0xd5d8c]
V  [jvm.dll+0x453642]
V  [jvm.dll+0x48e6bd]
V  [jvm.dll+0x443301]
V  [jvm.dll+0x4404ab]
V  [jvm.dll+0x42b38b]
V  [jvm.dll+0xac22b]
V  [jvm.dll+0xaa88b]
V  [jvm.dll+0x23df22]
V  [jvm.dll+0x29253c]
C  [ucrtbase.dll+0x21bb2]
C  [KERNEL32.DLL+0x17034]
C  [ntdll.dll+0x52651]


Current CompileTask:
C2:   5410 1433       4       java.net.URLClassLoader$1::run (5 bytes)


---------------  P R O C E S S  ---------------

Java Threads: ( => current thread )
  0x0000017a576fa000 JavaThread "Cache worker for journal cache (C:\Users\utilisateur\.gradle\caches\journal-1)" [_thread_blocked, id=1692, stack(0x00000075d2300000,0x00000075d2400000)]
  0x0000017a576f8000 JavaThread "File lock request listener" [_thread_in_native, id=4556, stack(0x00000075d2200000,0x00000075d2300000)]
  0x0000017a576fe800 JavaThread "Cache worker for file hash cache (C:\Users\utilisateur\.gradle\caches\5.4.1\fileHashes)" [_thread_blocked, id=15852, stack(0x00000075d2100000,0x00000075d2200000)]
  0x0000017a5772e800 JavaThread "Thread-9" [_thread_blocked, id=10640, stack(0x00000075d2000000,0x00000075d2100000)]
  0x0000017a5772c800 JavaThread "Stdin handler" [_thread_blocked, id=23696, stack(0x00000075d1f00000,0x00000075d2000000)]
  0x0000017a5749e000 JavaThread "Asynchronous log dispatcher for DefaultDaemonConnection: socket connection from /127.0.0.1:58799 to /127.0.0.1:58800" [_thread_blocked, id=22616, stack(0x00000075d1e00000,0x00000075d1f00000)]
  0x0000017a574a4000 JavaThread "Daemon worker" [_thread_in_native, id=19552, stack(0x00000075d1d00000,0x00000075d1e00000)]
  0x0000017a574a1000 JavaThread "Cancel handler" [_thread_blocked, id=12584, stack(0x00000075d1c00000,0x00000075d1d00000)]
  0x0000017a57383800 JavaThread "Handler for socket connection from /127.0.0.1:58799 to /127.0.0.1:58800" [_thread_in_native, id=7648, stack(0x00000075d1b00000,0x00000075d1c00000)]
  0x0000017a57bd9800 JavaThread "Daemon" [_thread_blocked, id=17688, stack(0x00000075d1a00000,0x00000075d1b00000)]
  0x0000017a57b94000 JavaThread "Daemon periodic checks" [_thread_blocked, id=15120, stack(0x00000075d1900000,0x00000075d1a00000)]
  0x0000017a57bc6000 JavaThread "Incoming local TCP Connector on port 58799" [_thread_in_native, id=22588, stack(0x00000075d1800000,0x00000075d1900000)]
  0x0000017a5663f000 JavaThread "Daemon health stats" [_thread_blocked, id=5648, stack(0x00000075d1700000,0x00000075d1800000)]
  0x0000017a565c0800 JavaThread "Service Thread" daemon [_thread_blocked, id=23580, stack(0x00000075d1500000,0x00000075d1600000)]
  0x0000017a551f4800 JavaThread "C1 CompilerThread3" daemon [_thread_blocked, id=24372, stack(0x00000075d1400000,0x00000075d1500000)]
  0x0000017a551f2000 JavaThread "C2 CompilerThread2" daemon [_thread_blocked, id=12732, stack(0x00000075d1300000,0x00000075d1400000)]
  0x0000017a551e8800 JavaThread "C2 CompilerThread1" daemon [_thread_in_native, id=18040, stack(0x00000075d1200000,0x00000075d1300000)]
=>0x0000017a551e4000 JavaThread "C2 CompilerThread0" daemon [_thread_in_native, id=18992, stack(0x00000075d1100000,0x00000075d1200000)]
  0x0000017a551e3800 JavaThread "Attach Listener" daemon [_thread_blocked, id=2372, stack(0x00000075d1000000,0x00000075d1100000)]
  0x0000017a551e2800 JavaThread "Signal Dispatcher" daemon [_thread_blocked, id=19560, stack(0x00000075d0f00000,0x00000075d1000000)]
  0x0000017a545cc000 JavaThread "Finalizer" daemon [_thread_blocked, id=8572, stack(0x00000075d0e00000,0x00000075d0f00000)]
  0x0000017a545ca000 JavaThread "Reference Handler" daemon [_thread_blocked, id=23052, stack(0x00000075d0d00000,0x00000075d0e00000)]
  0x0000017a3f692800 JavaThread "main" [_thread_blocked, id=22844, stack(0x00000075d0300000,0x00000075d0400000)]

Other Threads:
  0x0000017a55193000 VMThread [stack: 0x00000075d0c00000,0x00000075d0d00000] [id=19648]
  0x0000017a5526b800 WatcherThread [stack: 0x00000075d1600000,0x00000075d1700000] [id=23396]

VM state:not at safepoint (normal execution)

VM Mutex/Monitor currently owned by a thread: None

heap address: 0x00000000a0000000, size: 1536 MB, Compressed Oops mode: 32-bit
Narrow klass base: 0x0000000000000000, Narrow klass shift: 3
Compressed class space size: 1073741824 Address: 0x0000000100000000

Heap:
 PSYoungGen      total 28672K, used 26554K [0x00000000e0000000, 0x00000000e2000000, 0x0000000100000000)
  eden space 24576K, 91% used [0x00000000e0000000,0x00000000e15f2b00,0x00000000e1800000)
  from space 4096K, 99% used [0x00000000e1c00000,0x00000000e1ffc030,0x00000000e2000000)
  to   space 4096K, 0% used [0x00000000e1800000,0x00000000e1800000,0x00000000e1c00000)
 ParOldGen       total 65536K, used 3361K [0x00000000a0000000, 0x00000000a4000000, 0x00000000e0000000)
  object space 65536K, 5% used [0x00000000a0000000,0x00000000a0348478,0x00000000a4000000)
 Metaspace       used 15089K, capacity 15558K, committed 15744K, reserved 1062912K
  class space    used 2191K, capacity 2335K, committed 2432K, reserved 1048576K

Card table byte_map: [0x0000017a504c0000,0x0000017a507d0000] byte_map_base: 0x0000017a4ffc0000

Marking Bits: (ParMarkBitMap*) 0x000000006eb48030
 Begin Bits: [0x0000017a509d0000, 0x0000017a521d0000)
 End Bits:   [0x0000017a521d0000, 0x0000017a539d0000)

Polling page: 0x0000017a3f850000

CodeCache: size=245760Kb used=5220Kb max_used=5232Kb free=240539Kb
 bounds [0x0000017a41100000, 0x0000017a41620000, 0x0000017a50100000]
 total_blobs=1866 nmethods=1478 adapters=301
 compilation: enabled

Compilation events (10 events):
Event: 5.356 Thread 0x0000017a551f4800 1474       3       java.util.AbstractCollection::isEmpty (13 bytes)
Event: 5.356 Thread 0x0000017a551f4800 nmethod 1474 0x0000017a41616990 code [0x0000017a41616b00, 0x0000017a41616d70]
Event: 5.356 Thread 0x0000017a551f4800 1475       3       org.gradle.api.file.internal.FilePathUtil::sizeOfCommonPrefix (142 bytes)
Event: 5.357 Thread 0x0000017a551f4800 nmethod 1475 0x0000017a41616e10 code [0x0000017a41617080, 0x0000017a416184b0]
Event: 5.358 Thread 0x0000017a551f4800 1476       3       org.gradle.internal.file.DefaultFileHierarchySet$Node::sizeOfCommonPrefix (10 bytes)
Event: 5.358 Thread 0x0000017a551f4800 nmethod 1476 0x0000017a41618e10 code [0x0000017a41618f80, 0x0000017a41619170]
Event: 5.358 Thread 0x0000017a551f4800 1478       3       java.util.ArrayList::isEmpty (13 bytes)
Event: 5.358 Thread 0x0000017a551f4800 nmethod 1478 0x0000017a41619250 code [0x0000017a416193a0, 0x0000017a41619558]
Event: 5.358 Thread 0x0000017a551f4800 1477       3       org.gradle.api.file.internal.FilePathUtil::sizeOfCommonPrefix (10 bytes)
Event: 5.359 Thread 0x0000017a551f4800 nmethod 1477 0x0000017a416195d0 code [0x0000017a41619740, 0x0000017a416198b0]

GC Heap History (8 events):
Event: 1.401 GC heap before
{Heap before GC invocations=1 (full 0):
 PSYoungGen      total 28672K, used 24576K [0x00000000e0000000, 0x00000000e2000000, 0x0000000100000000)
  eden space 24576K, 100% used [0x00000000e0000000,0x00000000e1800000,0x00000000e1800000)
  from space 4096K, 0% used [0x00000000e1c00000,0x00000000e1c00000,0x00000000e2000000)
  to   space 4096K, 0% used [0x00000000e1800000,0x00000000e1800000,0x00000000e1c00000)
 ParOldGen       total 65536K, used 0K [0x00000000a0000000, 0x00000000a4000000, 0x00000000e0000000)
  object space 65536K, 0% used [0x00000000a0000000,0x00000000a0000000,0x00000000a4000000)
 Metaspace       used 6942K, capacity 7224K, committed 7424K, reserved 1056768K
  class space    used 875K, capacity 944K, committed 1024K, reserved 1048576K
Event: 1.425 GC heap after
Heap after GC invocations=1 (full 0):
 PSYoungGen      total 28672K, used 4075K [0x00000000e0000000, 0x00000000e2000000, 0x0000000100000000)
  eden space 24576K, 0% used [0x00000000e0000000,0x00000000e0000000,0x00000000e1800000)
  from space 4096K, 99% used [0x00000000e1800000,0x00000000e1bfad18,0x00000000e1c00000)
  to   space 4096K, 0% used [0x00000000e1c00000,0x00000000e1c00000,0x00000000e2000000)
 ParOldGen       total 65536K, used 24K [0x00000000a0000000, 0x00000000a4000000, 0x00000000e0000000)
  object space 65536K, 0% used [0x00000000a0000000,0x00000000a0006000,0x00000000a4000000)
 Metaspace       used 6942K, capacity 7224K, committed 7424K, reserved 1056768K
  class space    used 875K, capacity 944K, committed 1024K, reserved 1048576K
}
Event: 2.174 GC heap before
{Heap before GC invocations=2 (full 0):
 PSYoungGen      total 28672K, used 28651K [0x00000000e0000000, 0x00000000e2000000, 0x0000000100000000)
  eden space 24576K, 100% used [0x00000000e0000000,0x00000000e1800000,0x00000000e1800000)
  from space 4096K, 99% used [0x00000000e1800000,0x00000000e1bfad18,0x00000000e1c00000)
  to   space 4096K, 0% used [0x00000000e1c00000,0x00000000e1c00000,0x00000000e2000000)
 ParOldGen       total 65536K, used 24K [0x00000000a0000000, 0x00000000a4000000, 0x00000000e0000000)
  object space 65536K, 0% used [0x00000000a0000000,0x00000000a0006000,0x00000000a4000000)
 Metaspace       used 7184K, capacity 7536K, committed 7680K, reserved 1056768K
  class space    used 901K, capacity 984K, committed 1024K, reserved 1048576K
Event: 2.180 GC heap after
Heap after GC invocations=2 (full 0):
 PSYoungGen      total 28672K, used 3057K [0x00000000e0000000, 0x00000000e2000000, 0x0000000100000000)
  eden space 24576K, 0% used [0x00000000e0000000,0x00000000e0000000,0x00000000e1800000)
  from space 4096K, 74% used [0x00000000e1c00000,0x00000000e1efc5d0,0x00000000e2000000)
  to   space 4096K, 0% used [0x00000000e1800000,0x00000000e1800000,0x00000000e1c00000)
 ParOldGen       total 65536K, used 32K [0x00000000a0000000, 0x00000000a4000000, 0x00000000e0000000)
  object space 65536K, 0% used [0x00000000a0000000,0x00000000a0008000,0x00000000a4000000)
 Metaspace       used 7184K, capacity 7536K, committed 7680K, reserved 1056768K
  class space    used 901K, capacity 984K, committed 1024K, reserved 1048576K
}
Event: 4.380 GC heap before
{Heap before GC invocations=3 (full 0):
 PSYoungGen      total 28672K, used 27633K [0x00000000e0000000, 0x00000000e2000000, 0x0000000100000000)
  eden space 24576K, 100% used [0x00000000e0000000,0x00000000e1800000,0x00000000e1800000)
  from space 4096K, 74% used [0x00000000e1c00000,0x00000000e1efc5d0,0x00000000e2000000)
  to   space 4096K, 0% used [0x00000000e1800000,0x00000000e1800000,0x00000000e1c00000)
 ParOldGen       total 65536K, used 32K [0x00000000a0000000, 0x00000000a4000000, 0x00000000e0000000)
  object space 65536K, 0% used [0x00000000a0000000,0x00000000a0008000,0x00000000a4000000)
 Metaspace       used 10723K, capacity 11020K, committed 11264K, reserved 1058816K
  class space    used 1445K, capacity 1522K, committed 1536K, reserved 1048576K
Event: 4.387 GC heap after
Heap after GC invocations=3 (full 0):
 PSYoungGen      total 28672K, used 4064K [0x00000000e0000000, 0x00000000e2000000, 0x0000000100000000)
  eden space 24576K, 0% used [0x00000000e0000000,0x00000000e0000000,0x00000000e1800000)
  from space 4096K, 99% used [0x00000000e1800000,0x00000000e1bf8020,0x00000000e1c00000)
  to   space 4096K, 0% used [0x00000000e1c00000,0x00000000e1c00000,0x00000000e2000000)
 ParOldGen       total 65536K, used 1175K [0x00000000a0000000, 0x00000000a4000000, 0x00000000e0000000)
  object space 65536K, 1% used [0x00000000a0000000,0x00000000a0125da0,0x00000000a4000000)
 Metaspace       used 10723K, capacity 11020K, committed 11264K, reserved 1058816K
  class space    used 1445K, capacity 1522K, committed 1536K, reserved 1048576K
}
Event: 5.010 GC heap before
{Heap before GC invocations=4 (full 0):
 PSYoungGen      total 28672K, used 28640K [0x00000000e0000000, 0x00000000e2000000, 0x0000000100000000)
  eden space 24576K, 100% used [0x00000000e0000000,0x00000000e1800000,0x00000000e1800000)
  from space 4096K, 99% used [0x00000000e1800000,0x00000000e1bf8020,0x00000000e1c00000)
  to   space 4096K, 0% used [0x00000000e1c00000,0x00000000e1c00000,0x00000000e2000000)
 ParOldGen       total 65536K, used 1175K [0x00000000a0000000, 0x00000000a4000000, 0x00000000e0000000)
  object space 65536K, 1% used [0x00000000a0000000,0x00000000a0125da0,0x00000000a4000000)
 Metaspace       used 13434K, capacity 13846K, committed 14080K, reserved 1060864K
  class space    used 1896K, capacity 2037K, committed 2048K, reserved 1048576K
Event: 5.020 GC heap after
Heap after GC invocations=4 (full 0):
 PSYoungGen      total 28672K, used 4080K [0x00000000e0000000, 0x00000000e2000000, 0x0000000100000000)
  eden space 24576K, 0% used [0x00000000e0000000,0x00000000e0000000,0x00000000e1800000)
  from space 4096K, 99% used [0x00000000e1c00000,0x00000000e1ffc030,0x00000000e2000000)
  to   space 4096K, 0% used [0x00000000e1800000,0x00000000e1800000,0x00000000e1c00000)
 ParOldGen       total 65536K, used 3361K [0x00000000a0000000, 0x00000000a4000000, 0x00000000e0000000)
  object space 65536K, 5% used [0x00000000a0000000,0x00000000a0348478,0x00000000a4000000)
 Metaspace       used 13434K, capacity 13846K, committed 14080K, reserved 1060864K
  class space    used 1896K, capacity 2037K, committed 2048K, reserved 1048576K
}

Deoptimization events (10 events):
Event: 4.573 Thread 0x0000017a57383800 Uncommon trap: reason=unstable_if action=reinterpret pc=0x0000017a414ad744 method=java.util.concurrent.ConcurrentHashMap.putVal(Ljava/lang/Object;Ljava/lang/Object;Z)Ljava/lang/Object; @ 206
Event: 4.675 Thread 0x0000017a574a4000 Uncommon trap: reason=bimorphic action=maybe_recompile pc=0x0000017a4139f57c method=java.util.HashMap.putVal(ILjava/lang/Object;Ljava/lang/Object;ZZ)Ljava/lang/Object; @ 253
Event: 4.675 Thread 0x0000017a574a4000 Uncommon trap: reason=bimorphic action=maybe_recompile pc=0x0000017a4139f57c method=java.util.HashMap.putVal(ILjava/lang/Object;Ljava/lang/Object;ZZ)Ljava/lang/Object; @ 253
Event: 4.675 Thread 0x0000017a574a4000 Uncommon trap: reason=bimorphic action=maybe_recompile pc=0x0000017a4139f57c method=java.util.HashMap.putVal(ILjava/lang/Object;Ljava/lang/Object;ZZ)Ljava/lang/Object; @ 253
Event: 4.675 Thread 0x0000017a574a4000 Uncommon trap: reason=bimorphic action=maybe_recompile pc=0x0000017a4139f57c method=java.util.HashMap.putVal(ILjava/lang/Object;Ljava/lang/Object;ZZ)Ljava/lang/Object; @ 253
Event: 4.676 Thread 0x0000017a574a4000 Uncommon trap: reason=bimorphic action=maybe_recompile pc=0x0000017a413a3740 method=java.util.HashMap.putVal(ILjava/lang/Object;Ljava/lang/Object;ZZ)Ljava/lang/Object; @ 253
Event: 5.006 Thread 0x0000017a574a4000 Uncommon trap: reason=class_check action=maybe_recompile pc=0x0000017a413e33c8 method=java.util.regex.Matcher.match(II)Z @ 86
Event: 5.037 Thread 0x0000017a574a4000 Uncommon trap: reason=class_check action=maybe_recompile pc=0x0000017a413e33c8 method=java.util.regex.Matcher.match(II)Z @ 86
Event: 5.037 Thread 0x0000017a574a4000 Uncommon trap: reason=class_check action=maybe_recompile pc=0x0000017a413e33c8 method=java.util.regex.Matcher.match(II)Z @ 86
Event: 5.038 Thread 0x0000017a574a4000 Uncommon trap: reason=class_check action=maybe_recompile pc=0x0000017a413a76dc method=java.util.regex.Matcher.match(II)Z @ 86

Classes redefined (0 events):
No events

Internal exceptions (10 events):
Event: 4.579 Thread 0x0000017a57383800 Exception <a 'java/lang/NoSuchMethodError': <clinit>> (0x00000000e030f150) thrown at [C:\jenkins\workspace\8-2-build-windows-amd64-cygwin\jdk8u311\1894\hotspot\src\share\vm\prims\jni.cpp, line 1615]
Event: 4.583 Thread 0x0000017a57383800 Exception <a 'java/lang/NoSuchMethodError': <clinit>> (0x00000000e033b9c8) thrown at [C:\jenkins\workspace\8-2-build-windows-amd64-cygwin\jdk8u311\1894\hotspot\src\share\vm\prims\jni.cpp, line 1615]
Event: 4.590 Thread 0x0000017a57383800 Exception <a 'java/lang/NoSuchMethodError': <clinit>> (0x00000000e0362808) thrown at [C:\jenkins\workspace\8-2-build-windows-amd64-cygwin\jdk8u311\1894\hotspot\src\share\vm\prims\jni.cpp, line 1615]
Event: 4.593 Thread 0x0000017a57383800 Exception <a 'java/lang/NoSuchMethodError': <clinit>> (0x00000000e037a3f0) thrown at [C:\jenkins\workspace\8-2-build-windows-amd64-cygwin\jdk8u311\1894\hotspot\src\share\vm\prims\jni.cpp, line 1615]
Event: 4.594 Thread 0x0000017a57383800 Exception <a 'java/lang/NoSuchMethodError': <clinit>> (0x00000000e0382fa8) thrown at [C:\jenkins\workspace\8-2-build-windows-amd64-cygwin\jdk8u311\1894\hotspot\src\share\vm\prims\jni.cpp, line 1615]
Event: 4.598 Thread 0x0000017a57383800 Exception <a 'java/lang/NoSuchMethodError': <clinit>> (0x00000000e03992d0) thrown at [C:\jenkins\workspace\8-2-build-windows-amd64-cygwin\jdk8u311\1894\hotspot\src\share\vm\prims\jni.cpp, line 1615]
Event: 4.611 Thread 0x0000017a57383800 Exception <a 'java/lang/NoSuchMethodError': <clinit>> (0x00000000e03fd878) thrown at [C:\jenkins\workspace\8-2-build-windows-amd64-cygwin\jdk8u311\1894\hotspot\src\share\vm\prims\jni.cpp, line 1615]
Event: 4.619 Thread 0x0000017a57383800 Exception <a 'java/lang/NoSuchMethodError': <clinit>> (0x00000000e04296f8) thrown at [C:\jenkins\workspace\8-2-build-windows-amd64-cygwin\jdk8u311\1894\hotspot\src\share\vm\prims\jni.cpp, line 1615]
Event: 4.629 Thread 0x0000017a57383800 Exception <a 'java/lang/NoSuchMethodError': <clinit>> (0x00000000e04579a8) thrown at [C:\jenkins\workspace\8-2-build-windows-amd64-cygwin\jdk8u311\1894\hotspot\src\share\vm\prims\jni.cpp, line 1615]
Event: 4.631 Thread 0x0000017a57383800 Exception <a 'java/lang/NoSuchMethodError': <clinit>> (0x00000000e0462990) thrown at [C:\jenkins\workspace\8-2-build-windows-amd64-cygwin\jdk8u311\1894\hotspot\src\share\vm\prims\jni.cpp, line 1615]

Events (10 events):
Event: 5.368 loading class org/gradle/internal/exceptions/DiagnosticsVisitor
Event: 5.368 loading class org/gradle/internal/exceptions/DiagnosticsVisitor done
Event: 5.368 loading class org/apache/tools/ant/DirectoryScanner
Event: 5.368 loading class org/apache/tools/ant/DirectoryScanner done
Event: 5.370 loading class org/apache/tools/ant/FileScanner
Event: 5.370 loading class org/apache/tools/ant/FileScanner done
Event: 5.370 loading class org/apache/tools/ant/types/selectors/SelectorScanner
Event: 5.370 loading class org/apache/tools/ant/types/selectors/SelectorScanner done
Event: 5.371 loading class org/apache/tools/ant/types/ResourceFactory
Event: 5.371 loading class org/apache/tools/ant/types/ResourceFactory done


Dynamic libraries:
0x00007ff7f6f00000 - 0x00007ff7f6f47000 	C:\Program Files\Java\jdk1.8.0_311\bin\java.exe
0x00007ffe3c4d0000 - 0x00007ffe3c6c5000 	C:\WINDOWS\SYSTEM32\ntdll.dll
0x00007ffe3a540000 - 0x00007ffe3a5fe000 	C:\WINDOWS\System32\KERNEL32.DLL
0x00007ffe39fb0000 - 0x00007ffe3a278000 	C:\WINDOWS\System32\KERNELBASE.dll
0x00007ffe3b2b0000 - 0x00007ffe3b35c000 	C:\WINDOWS\System32\ADVAPI32.dll
0x00007ffe3c1b0000 - 0x00007ffe3c24e000 	C:\WINDOWS\System32\msvcrt.dll
0x00007ffe3ace0000 - 0x00007ffe3ad7b000 	C:\WINDOWS\System32\sechost.dll
0x00007ffe3bff0000 - 0x00007ffe3c11a000 	C:\WINDOWS\System32\RPCRT4.dll
0x00007ffe3a960000 - 0x00007ffe3ab01000 	C:\WINDOWS\System32\USER32.dll
0x00007ffe3a4f0000 - 0x00007ffe3a512000 	C:\WINDOWS\System32\win32u.dll
0x00007ffe3b150000 - 0x00007ffe3b17b000 	C:\WINDOWS\System32\GDI32.dll
0x00007ffe39c40000 - 0x00007ffe39d4b000 	C:\WINDOWS\System32\gdi32full.dll
0x00007ffe39d80000 - 0x00007ffe39e1d000 	C:\WINDOWS\System32\msvcp_win.dll
0x00007ffe39e20000 - 0x00007ffe39f20000 	C:\WINDOWS\System32\ucrtbase.dll
0x00007ffe27b50000 - 0x00007ffe27dea000 	C:\WINDOWS\WinSxS\amd64_microsoft.windows.common-controls_6595b64144ccf1df_6.0.19041.1110_none_60b5254171f9507e\COMCTL32.dll
0x00007ffe3c120000 - 0x00007ffe3c150000 	C:\WINDOWS\System32\IMM32.DLL
0x00007ffe08390000 - 0x00007ffe083a5000 	C:\Program Files\Java\jdk1.8.0_311\jre\bin\vcruntime140.dll
0x00007ffde2650000 - 0x00007ffde26eb000 	C:\Program Files\Java\jdk1.8.0_311\jre\bin\msvcp140.dll
0x000000006e360000 - 0x000000006ebc0000 	C:\Program Files\Java\jdk1.8.0_311\jre\bin\server\jvm.dll
0x00007ffe3ac50000 - 0x00007ffe3ac58000 	C:\WINDOWS\System32\PSAPI.DLL
0x00007ffe32670000 - 0x00007ffe32697000 	C:\WINDOWS\SYSTEM32\WINMM.dll
0x00007ffe329b0000 - 0x00007ffe329ba000 	C:\WINDOWS\SYSTEM32\VERSION.dll
0x00007ffe1ab80000 - 0x00007ffe1ab89000 	C:\WINDOWS\SYSTEM32\WSOCK32.dll
0x00007ffe3b010000 - 0x00007ffe3b07b000 	C:\WINDOWS\System32\WS2_32.dll
0x00007ffe37ab0000 - 0x00007ffe37ac2000 	C:\WINDOWS\SYSTEM32\kernel.appcore.dll
0x00007ffe10bd0000 - 0x00007ffe10be0000 	C:\Program Files\Java\jdk1.8.0_311\jre\bin\verify.dll
0x00007ffdeebd0000 - 0x00007ffdeebfb000 	C:\Program Files\Java\jdk1.8.0_311\jre\bin\java.dll
0x00007ffdf4d90000 - 0x00007ffdf4da8000 	C:\Program Files\Java\jdk1.8.0_311\jre\bin\zip.dll
0x00007ffe3b850000 - 0x00007ffe3bf8f000 	C:\WINDOWS\System32\SHELL32.dll
0x00007ffe37cb0000 - 0x00007ffe38440000 	C:\WINDOWS\SYSTEM32\windows.storage.dll
0x00007ffe3a600000 - 0x00007ffe3a955000 	C:\WINDOWS\System32\combase.dll
0x00007ffe39570000 - 0x00007ffe3959e000 	C:\WINDOWS\SYSTEM32\Wldp.dll
0x00007ffe3c2b0000 - 0x00007ffe3c35d000 	C:\WINDOWS\System32\SHCORE.dll
0x00007ffe3bf90000 - 0x00007ffe3bfe5000 	C:\WINDOWS\System32\shlwapi.dll
0x00007ffe39b30000 - 0x00007ffe39b4f000 	C:\WINDOWS\SYSTEM32\profapi.dll
0x00007ffde8210000 - 0x00007ffde822c000 	C:\Program Files\Java\jdk1.8.0_311\jre\bin\net.dll
0x00007ffe39280000 - 0x00007ffe392ea000 	C:\WINDOWS\system32\mswsock.dll
0x00007ffde7c80000 - 0x00007ffde7c93000 	C:\Program Files\Java\jdk1.8.0_311\jre\bin\nio.dll
0x00007ffdfe780000 - 0x00007ffdfe7a6000 	C:\Users\utilisateur\.gradle\native\29\windows-amd64\native-platform.dll
0x00007ffe0b190000 - 0x00007ffe0b19d000 	C:\Program Files\Java\jdk1.8.0_311\jre\bin\management.dll
0x00007ffe39460000 - 0x00007ffe39478000 	C:\WINDOWS\SYSTEM32\CRYPTSP.dll
0x00007ffe38c10000 - 0x00007ffe38c44000 	C:\WINDOWS\system32\rsaenh.dll
0x00007ffe39d50000 - 0x00007ffe39d77000 	C:\WINDOWS\System32\bcrypt.dll
0x00007ffe39ab0000 - 0x00007ffe39ade000 	C:\WINDOWS\SYSTEM32\USERENV.dll
0x00007ffe39f20000 - 0x00007ffe39fa3000 	C:\WINDOWS\System32\bcryptprimitives.dll
0x00007ffe39480000 - 0x00007ffe3948c000 	C:\WINDOWS\SYSTEM32\CRYPTBASE.dll
0x00007ffe38f90000 - 0x00007ffe38fcb000 	C:\WINDOWS\SYSTEM32\IPHLPAPI.DLL
0x00007ffe3b2a0000 - 0x00007ffe3b2a8000 	C:\WINDOWS\System32\NSI.dll
0x00007ffe329c0000 - 0x00007ffe329d7000 	C:\WINDOWS\SYSTEM32\dhcpcsvc6.DLL
0x00007ffe32930000 - 0x00007ffe3294d000 	C:\WINDOWS\SYSTEM32\dhcpcsvc.DLL
0x00007ffe38fd0000 - 0x00007ffe3909b000 	C:\WINDOWS\SYSTEM32\DNSAPI.dll
0x00007ffe2ba60000 - 0x00007ffe2bc44000 	C:\WINDOWS\SYSTEM32\dbghelp.dll

VM Arguments:
jvm_args: -Xmx1536m -Dfile.encoding=windows-1252 -Duser.country=FR -Duser.language=fr -Duser.variant 
java_command: org.gradle.launcher.daemon.bootstrap.GradleDaemon 5.4.1
java_class_path (initial): C:\Users\utilisateur\.gradle\wrapper\dists\gradle-5.4.1-all\3221gyojl5jsh0helicew7rwx\gradle-5.4.1\lib\gradle-launcher-5.4.1.jar
Launcher Type: SUN_STANDARD

Environment Variables:
JAVA_HOME=C:\Program Files\Java\jdk-17.0.1
PATH=C:\Python310\Scripts\;C:\Python310\;C:\Program Files\Common Files\Oracle\Java\javapath;C:\Program Files (x86)\Common Files\Oracle\Java\javapath;C:\WINDOWS\system32;C:\WINDOWS;C:\WINDOWS\System32\Wbem;C:\WINDOWS\System32\WindowsPowerShell\v1.0\;C:\WINDOWS\System32\OpenSSH\;C:\Program Files\Microsoft Visual Studio\VC98\bin;C:\Program Files\Git\cmd;%MAVEN_HOME%\bin;%JAVA_HOME%;C:\Program Files\Docker\Docker\resources\bin;C:\ProgramData\DockerDesktop\version-bin;C:\ProgramData\chocolatey\bin;C:\Program Files\nodejs\;C:\Users\utilisateur\AppData\Local\activestate\cache\bin;C:\Users\utilisateur\AppData\Local\ActiveState\StateTool\release;C:\Users\utilisateur\AppData\Local\Microsoft\WindowsApps;C:\Program Files\JetBrains\IntelliJ IDEA 2021.2.3\bin;;C:\Program Files\Microsoft Visual Studio\VC98\bin;C:\Users\utilisateur\apache-maven-3.8.3\bin;C:\Program Files\Java\jdk-17.0.1\bin;;C:\Users\utilisateur\AppData\Local\Programs\Microsoft VS Code\bin;C:\Users\utilisateur\AppData\Roaming\npm
USERNAME=utilisateur
OS=Windows_NT
PROCESSOR_IDENTIFIER=AMD64 Family 23 Model 24 Stepping 1, AuthenticAMD



---------------  S Y S T E M  ---------------

OS: Windows 10.0 , 64 bit Build 19041 (10.0.19041.1348)

CPU:total 8 (initial active 8) (8 cores per cpu, 1 threads per core) family 23 model 24 stepping 1, cmov, cx8, fxsr, mmx, sse, sse2, sse3, ssse3, sse4.1, sse4.2, popcnt, avx, avx2, aes, clmul, mmxext, 3dnowpref, lzcnt, sse4a, tsc, tscinvbit, tscinv, bmi1

Memory: 4k page, physical 6228620k(335260k free), swap 25102988k(2540k free)

vm_info: Java HotSpot(TM) 64-Bit Server VM (25.311-b11) for windows-amd64 JRE (1.8.0_311-b11), built on Sep 27 2021 05:15:14 by "java_re" with MS VC++ 15.9 (VS2017)

time: Tue Dec 14 13:25:17 2021
timezone: Paris, Madrid
elapsed time: 5.417955 seconds (0d 0h 0m 5s)

