#
# There is insufficient memory for the Java Runtime Environment to continue.
# Native memory allocation (malloc) failed to allocate 1156096 bytes for Chunk::new
# Possible reasons:
#   The system is out of physical RAM or swap space
#   The process is running with CompressedOops enabled, and the Java Heap may be blocking the growth of the native heap
# Possible solutions:
#   Reduce memory load on the system
#   Increase physical memory or swap space
#   Check if swap backing store is full
#   Decrease Java heap size (-Xmx/-Xms)
#   Decrease number of Java threads
#   Decrease Java thread stack sizes (-Xss)
#   Set larger code cache with -XX:ReservedCodeCacheSize=
#   JVM is running with Unscaled Compressed Oops mode in which the Java heap is
#     placed in the first 4GB address space. The Java Heap base address is the
#     maximum limit for the native heap growth. Please use -XX:HeapBaseMinAddress
#     to set the Java Heap base and to place the Java Heap above 4GB virtual address.
# This output file may be truncated or incomplete.
#
#  Out of Memory Error (allocation.cpp:389), pid=11764, tid=0x0000000000005270
#
# JRE version: Java(TM) SE Runtime Environment (8.0_311-b11) (build 1.8.0_311-b11)
# Java VM: Java HotSpot(TM) 64-Bit Server VM (25.311-b11 mixed mode windows-amd64 compressed oops)
# Failed to write core dump. Minidumps are not enabled by default on client versions of Windows
#

---------------  T H R E A D  ---------------

Current thread (0x000001951a356000):  JavaThread "C2 CompilerThread0" daemon [_thread_in_native, id=21104, stack(0x000000565c300000,0x000000565c400000)]

Stack: [0x000000565c300000,0x000000565c400000]
Native frames: (J=compiled Java code, j=interpreted, Vv=VM code, C=native code)
V  [jvm.dll+0x32f239]
V  [jvm.dll+0x275882]
V  [jvm.dll+0x27652d]
V  [jvm.dll+0x26cf65]
V  [jvm.dll+0xd558c]
V  [jvm.dll+0xd5d8c]
V  [jvm.dll+0x453642]
V  [jvm.dll+0x48e6bd]
V  [jvm.dll+0x443301]
V  [jvm.dll+0x4404ab]
V  [jvm.dll+0x42b38b]
V  [jvm.dll+0xac22b]
V  [jvm.dll+0xaa88b]
V  [jvm.dll+0x23df22]
V  [jvm.dll+0x29253c]
C  [ucrtbase.dll+0x21bb2]
C  [KERNEL32.DLL+0x17034]
C  [ntdll.dll+0x52651]


Current CompileTask:
C2:   5449 1509   !   4       java.net.URLClassLoader$1::run (81 bytes)


---------------  P R O C E S S  ---------------

Java Threads: ( => current thread )
  0x000001951c579000 JavaThread "Cache worker for journal cache (C:\Users\utilisateur\.gradle\caches\journal-1)" [_thread_blocked, id=7380, stack(0x000000565d500000,0x000000565d600000)]
  0x000001951c57c800 JavaThread "File lock request listener" [_thread_in_native, id=7364, stack(0x000000565d400000,0x000000565d500000)]
  0x000001951c57e000 JavaThread "Cache worker for file hash cache (C:\Users\utilisateur\.gradle\caches\5.4.1\fileHashes)" [_thread_blocked, id=7376, stack(0x000000565d300000,0x000000565d400000)]
  0x000001951ce21800 JavaThread "Thread-9" [_thread_blocked, id=3968, stack(0x000000565d200000,0x000000565d300000)]
  0x000001951cb6c800 JavaThread "Stdin handler" [_thread_blocked, id=3992, stack(0x000000565d100000,0x000000565d200000)]
  0x000001951cb6b000 JavaThread "Asynchronous log dispatcher for DefaultDaemonConnection: socket connection from /127.0.0.1:59036 to /127.0.0.1:59037" [_thread_blocked, id=3944, stack(0x000000565d000000,0x000000565d100000)]
  0x000001951ce89000 JavaThread "Daemon worker" [_thread_in_native, id=8532, stack(0x000000565cf00000,0x000000565d000000)]
  0x000001951cefd800 JavaThread "Cancel handler" [_thread_blocked, id=3856, stack(0x000000565ce00000,0x000000565cf00000)]
  0x000001951c47c800 JavaThread "Handler for socket connection from /127.0.0.1:59036 to /127.0.0.1:59037" [_thread_in_native, id=7972, stack(0x000000565cd00000,0x000000565ce00000)]
  0x000001951c6bb000 JavaThread "Daemon" [_thread_blocked, id=22480, stack(0x000000565cc00000,0x000000565cd00000)]
  0x000001951b919800 JavaThread "Daemon periodic checks" [_thread_blocked, id=17404, stack(0x000000565cb00000,0x000000565cc00000)]
  0x000001951cdd0000 JavaThread "Incoming local TCP Connector on port 59036" [_thread_in_native, id=19916, stack(0x000000565ca00000,0x000000565cb00000)]
  0x000001951b7c3000 JavaThread "Daemon health stats" [_thread_blocked, id=21732, stack(0x000000565c900000,0x000000565ca00000)]
  0x000001951a3d8800 JavaThread "Service Thread" daemon [_thread_blocked, id=15028, stack(0x000000565c700000,0x000000565c800000)]
  0x000001951a389000 JavaThread "C1 CompilerThread3" daemon [_thread_blocked, id=21824, stack(0x000000565c600000,0x000000565c700000)]
  0x000001951a36f800 JavaThread "C2 CompilerThread2" daemon [_thread_in_native, id=11440, stack(0x000000565c500000,0x000000565c600000)]
  0x000001951a369800 JavaThread "C2 CompilerThread1" daemon [_thread_blocked, id=20060, stack(0x000000565c400000,0x000000565c500000)]
=>0x000001951a356000 JavaThread "C2 CompilerThread0" daemon [_thread_in_native, id=21104, stack(0x000000565c300000,0x000000565c400000)]
  0x000001951a354000 JavaThread "Attach Listener" daemon [_thread_blocked, id=8832, stack(0x000000565c200000,0x000000565c300000)]
  0x000001951a35b000 JavaThread "Signal Dispatcher" daemon [_thread_blocked, id=8488, stack(0x000000565c100000,0x000000565c200000)]
  0x000001951a338800 JavaThread "Finalizer" daemon [_thread_blocked, id=664, stack(0x000000565c000000,0x000000565c100000)]
  0x000001951a329800 JavaThread "Reference Handler" daemon [_thread_blocked, id=9428, stack(0x000000565bf00000,0x000000565c000000)]
  0x00000195049b2800 JavaThread "main" [_thread_blocked, id=21368, stack(0x000000565b500000,0x000000565b600000)]

Other Threads:
  0x000001951a303000 VMThread [stack: 0x000000565be00000,0x000000565bf00000] [id=21556]
  0x000001951b730800 WatcherThread [stack: 0x000000565c800000,0x000000565c900000] [id=13328]

VM state:not at safepoint (normal execution)

VM Mutex/Monitor currently owned by a thread: None

heap address: 0x00000000a0000000, size: 1536 MB, Compressed Oops mode: 32-bit
Narrow klass base: 0x0000000000000000, Narrow klass shift: 3
Compressed class space size: 1073741824 Address: 0x0000000100000000

Heap:
 PSYoungGen      total 28160K, used 11482K [0x00000000e0000000, 0x00000000e2780000, 0x0000000100000000)
  eden space 24064K, 30% used [0x00000000e0000000,0x00000000e073a998,0x00000000e1780000)
  from space 4096K, 99% used [0x00000000e1800000,0x00000000e1bfc030,0x00000000e1c00000)
  to   space 8192K, 0% used [0x00000000e1f80000,0x00000000e1f80000,0x00000000e2780000)
 ParOldGen       total 65536K, used 6109K [0x00000000a0000000, 0x00000000a4000000, 0x00000000e0000000)
  object space 65536K, 9% used [0x00000000a0000000,0x00000000a05f74f8,0x00000000a4000000)
 Metaspace       used 16141K, capacity 16610K, committed 16896K, reserved 1062912K
  class space    used 2348K, capacity 2495K, committed 2560K, reserved 1048576K

Card table byte_map: [0x0000019515610000,0x0000019515920000] byte_map_base: 0x0000019515110000

Marking Bits: (ParMarkBitMap*) 0x000000005f0a8030
 Begin Bits: [0x0000019515b20000, 0x0000019517320000)
 End Bits:   [0x0000019517320000, 0x0000019518b20000)

Polling page: 0x0000019506220000

CodeCache: size=245760Kb used=5498Kb max_used=5510Kb free=240261Kb
 bounds [0x0000019506250000, 0x00000195067c0000, 0x0000019515250000]
 total_blobs=1980 nmethods=1591 adapters=302
 compilation: enabled

Compilation events (10 events):
Event: 5.366 Thread 0x000001951a389000 nmethod 1579 0x00000195067a36d0 code [0x00000195067a3860, 0x00000195067a3ae0]
Event: 5.366 Thread 0x000001951a389000 1580       3       org.gradle.internal.service.DefaultServiceRegistry::access$1200 (6 bytes)
Event: 5.366 Thread 0x000001951a369800 1554       4       java.util.ArrayList$SubList$1::hasNext (20 bytes)
Event: 5.366 Thread 0x000001951a389000 nmethod 1580 0x00000195067a3350 code [0x00000195067a34c0, 0x00000195067a3630]
Event: 5.366 Thread 0x000001951a369800 nmethod 1554 0x0000019506785590 code [0x00000195067856c0, 0x0000019506785758]
Event: 5.366 Thread 0x000001951a369800 1570 %     4       com.google.common.io.LineBuffer::add @ 47 (204 bytes)
Event: 5.375 Thread 0x000001951a389000 1581       3       java.lang.Throwable::<init> (39 bytes)
Event: 5.375 Thread 0x000001951a389000 nmethod 1581 0x00000195067a2e10 code [0x00000195067a2f80, 0x00000195067a3290]
Event: 5.396 Thread 0x000001951a369800 nmethod 1570% 0x00000195067ab250 code [0x00000195067ab420, 0x00000195067ac5f8]
Event: 5.405 Thread 0x000001951a369800 1582   !   4       java.util.zip.InflaterInputStream::read (138 bytes)

GC Heap History (10 events):
Event: 2.032 GC heap before
{Heap before GC invocations=1 (full 0):
 PSYoungGen      total 28672K, used 24576K [0x00000000e0000000, 0x00000000e2000000, 0x0000000100000000)
  eden space 24576K, 100% used [0x00000000e0000000,0x00000000e1800000,0x00000000e1800000)
  from space 4096K, 0% used [0x00000000e1c00000,0x00000000e1c00000,0x00000000e2000000)
  to   space 4096K, 0% used [0x00000000e1800000,0x00000000e1800000,0x00000000e1c00000)
 ParOldGen       total 65536K, used 0K [0x00000000a0000000, 0x00000000a4000000, 0x00000000e0000000)
  object space 65536K, 0% used [0x00000000a0000000,0x00000000a0000000,0x00000000a4000000)
 Metaspace       used 6947K, capacity 7220K, committed 7424K, reserved 1056768K
  class space    used 875K, capacity 944K, committed 1024K, reserved 1048576K
Event: 2.040 GC heap after
Heap after GC invocations=1 (full 0):
 PSYoungGen      total 28672K, used 4073K [0x00000000e0000000, 0x00000000e2000000, 0x0000000100000000)
  eden space 24576K, 0% used [0x00000000e0000000,0x00000000e0000000,0x00000000e1800000)
  from space 4096K, 99% used [0x00000000e1800000,0x00000000e1bfa4a0,0x00000000e1c00000)
  to   space 4096K, 0% used [0x00000000e1c00000,0x00000000e1c00000,0x00000000e2000000)
 ParOldGen       total 65536K, used 40K [0x00000000a0000000, 0x00000000a4000000, 0x00000000e0000000)
  object space 65536K, 0% used [0x00000000a0000000,0x00000000a000a000,0x00000000a4000000)
 Metaspace       used 6947K, capacity 7220K, committed 7424K, reserved 1056768K
  class space    used 875K, capacity 944K, committed 1024K, reserved 1048576K
}
Event: 2.572 GC heap before
{Heap before GC invocations=2 (full 0):
 PSYoungGen      total 28672K, used 28649K [0x00000000e0000000, 0x00000000e2000000, 0x0000000100000000)
  eden space 24576K, 100% used [0x00000000e0000000,0x00000000e1800000,0x00000000e1800000)
  from space 4096K, 99% used [0x00000000e1800000,0x00000000e1bfa4a0,0x00000000e1c00000)
  to   space 4096K, 0% used [0x00000000e1c00000,0x00000000e1c00000,0x00000000e2000000)
 ParOldGen       total 65536K, used 40K [0x00000000a0000000, 0x00000000a4000000, 0x00000000e0000000)
  object space 65536K, 0% used [0x00000000a0000000,0x00000000a000a000,0x00000000a4000000)
 Metaspace       used 7194K, capacity 7532K, committed 7680K, reserved 1056768K
  class space    used 901K, capacity 984K, committed 1024K, reserved 1048576K
Event: 2.576 GC heap after
Heap after GC invocations=2 (full 0):
 PSYoungGen      total 28672K, used 3025K [0x00000000e0000000, 0x00000000e2000000, 0x0000000100000000)
  eden space 24576K, 0% used [0x00000000e0000000,0x00000000e0000000,0x00000000e1800000)
  from space 4096K, 73% used [0x00000000e1c00000,0x00000000e1ef45d0,0x00000000e2000000)
  to   space 4096K, 0% used [0x00000000e1800000,0x00000000e1800000,0x00000000e1c00000)
 ParOldGen       total 65536K, used 48K [0x00000000a0000000, 0x00000000a4000000, 0x00000000e0000000)
  object space 65536K, 0% used [0x00000000a0000000,0x00000000a000c000,0x00000000a4000000)
 Metaspace       used 7194K, capacity 7532K, committed 7680K, reserved 1056768K
  class space    used 901K, capacity 984K, committed 1024K, reserved 1048576K
}
Event: 4.309 GC heap before
{Heap before GC invocations=3 (full 0):
 PSYoungGen      total 28672K, used 27601K [0x00000000e0000000, 0x00000000e2000000, 0x0000000100000000)
  eden space 24576K, 100% used [0x00000000e0000000,0x00000000e1800000,0x00000000e1800000)
  from space 4096K, 73% used [0x00000000e1c00000,0x00000000e1ef45d0,0x00000000e2000000)
  to   space 4096K, 0% used [0x00000000e1800000,0x00000000e1800000,0x00000000e1c00000)
 ParOldGen       total 65536K, used 48K [0x00000000a0000000, 0x00000000a4000000, 0x00000000e0000000)
  object space 65536K, 0% used [0x00000000a0000000,0x00000000a000c000,0x00000000a4000000)
 Metaspace       used 10761K, capacity 11080K, committed 11264K, reserved 1058816K
  class space    used 1445K, capacity 1522K, committed 1536K, reserved 1048576K
Event: 4.314 GC heap after
Heap after GC invocations=3 (full 0):
 PSYoungGen      total 28672K, used 4080K [0x00000000e0000000, 0x00000000e2000000, 0x0000000100000000)
  eden space 24576K, 0% used [0x00000000e0000000,0x00000000e0000000,0x00000000e1800000)
  from space 4096K, 99% used [0x00000000e1800000,0x00000000e1bfc010,0x00000000e1c00000)
  to   space 4096K, 0% used [0x00000000e1c00000,0x00000000e1c00000,0x00000000e2000000)
 ParOldGen       total 65536K, used 1150K [0x00000000a0000000, 0x00000000a4000000, 0x00000000e0000000)
  object space 65536K, 1% used [0x00000000a0000000,0x00000000a011f8f0,0x00000000a4000000)
 Metaspace       used 10761K, capacity 11080K, committed 11264K, reserved 1058816K
  class space    used 1445K, capacity 1522K, committed 1536K, reserved 1048576K
}
Event: 4.986 GC heap before
{Heap before GC invocations=4 (full 0):
 PSYoungGen      total 28672K, used 28656K [0x00000000e0000000, 0x00000000e2000000, 0x0000000100000000)
  eden space 24576K, 100% used [0x00000000e0000000,0x00000000e1800000,0x00000000e1800000)
  from space 4096K, 99% used [0x00000000e1800000,0x00000000e1bfc010,0x00000000e1c00000)
  to   space 4096K, 0% used [0x00000000e1c00000,0x00000000e1c00000,0x00000000e2000000)
 ParOldGen       total 65536K, used 1150K [0x00000000a0000000, 0x00000000a4000000, 0x00000000e0000000)
  object space 65536K, 1% used [0x00000000a0000000,0x00000000a011f8f0,0x00000000a4000000)
 Metaspace       used 13464K, capacity 13906K, committed 14080K, reserved 1060864K
  class space    used 1897K, capacity 2037K, committed 2048K, reserved 1048576K
Event: 4.992 GC heap after
Heap after GC invocations=4 (full 0):
 PSYoungGen      total 28672K, used 4064K [0x00000000e0000000, 0x00000000e2000000, 0x0000000100000000)
  eden space 24576K, 0% used [0x00000000e0000000,0x00000000e0000000,0x00000000e1800000)
  from space 4096K, 99% used [0x00000000e1c00000,0x00000000e1ff8040,0x00000000e2000000)
  to   space 4096K, 0% used [0x00000000e1800000,0x00000000e1800000,0x00000000e1c00000)
 ParOldGen       total 65536K, used 3334K [0x00000000a0000000, 0x00000000a4000000, 0x00000000e0000000)
  object space 65536K, 5% used [0x00000000a0000000,0x00000000a03418c0,0x00000000a4000000)
 Metaspace       used 13464K, capacity 13906K, committed 14080K, reserved 1060864K
  class space    used 1897K, capacity 2037K, committed 2048K, reserved 1048576K
}
Event: 5.316 GC heap before
{Heap before GC invocations=5 (full 0):
 PSYoungGen      total 28672K, used 28640K [0x00000000e0000000, 0x00000000e2000000, 0x0000000100000000)
  eden space 24576K, 100% used [0x00000000e0000000,0x00000000e1800000,0x00000000e1800000)
  from space 4096K, 99% used [0x00000000e1c00000,0x00000000e1ff8040,0x00000000e2000000)
  to   space 4096K, 0% used [0x00000000e1800000,0x00000000e1800000,0x00000000e1c00000)
 ParOldGen       total 65536K, used 3334K [0x00000000a0000000, 0x00000000a4000000, 0x00000000e0000000)
  object space 65536K, 5% used [0x00000000a0000000,0x00000000a03418c0,0x00000000a4000000)
 Metaspace       used 15451K, capacity 15938K, committed 16000K, reserved 1062912K
  class space    used 2235K, capacity 2399K, committed 2432K, reserved 1048576K
Event: 5.323 GC heap after
Heap after GC invocations=5 (full 0):
 PSYoungGen      total 28160K, used 4080K [0x00000000e0000000, 0x00000000e2780000, 0x0000000100000000)
  eden space 24064K, 0% used [0x00000000e0000000,0x00000000e0000000,0x00000000e1780000)
  from space 4096K, 99% used [0x00000000e1800000,0x00000000e1bfc030,0x00000000e1c00000)
  to   space 8192K, 0% used [0x00000000e1f80000,0x00000000e1f80000,0x00000000e2780000)
 ParOldGen       total 65536K, used 6109K [0x00000000a0000000, 0x00000000a4000000, 0x00000000e0000000)
  object space 65536K, 9% used [0x00000000a0000000,0x00000000a05f74f8,0x00000000a4000000)
 Metaspace       used 15451K, capacity 15938K, committed 16000K, reserved 1062912K
  class space    used 2235K, capacity 2399K, committed 2432K, reserved 1048576K
}

Deoptimization events (10 events):
Event: 4.607 Thread 0x000001951ce89000 Uncommon trap: reason=bimorphic action=maybe_recompile pc=0x000001950650127c method=java.util.HashMap.putVal(ILjava/lang/Object;Ljava/lang/Object;ZZ)Ljava/lang/Object; @ 253
Event: 4.607 Thread 0x000001951ce89000 Uncommon trap: reason=bimorphic action=maybe_recompile pc=0x000001950650127c method=java.util.HashMap.putVal(ILjava/lang/Object;Ljava/lang/Object;ZZ)Ljava/lang/Object; @ 253
Event: 4.607 Thread 0x000001951ce89000 Uncommon trap: reason=bimorphic action=maybe_recompile pc=0x000001950650127c method=java.util.HashMap.putVal(ILjava/lang/Object;Ljava/lang/Object;ZZ)Ljava/lang/Object; @ 253
Event: 4.607 Thread 0x000001951ce89000 Uncommon trap: reason=bimorphic action=maybe_recompile pc=0x000001950650127c method=java.util.HashMap.putVal(ILjava/lang/Object;Ljava/lang/Object;ZZ)Ljava/lang/Object; @ 253
Event: 4.607 Thread 0x000001951ce89000 Uncommon trap: reason=bimorphic action=maybe_recompile pc=0x0000019506505440 method=java.util.HashMap.putVal(ILjava/lang/Object;Ljava/lang/Object;ZZ)Ljava/lang/Object; @ 253
Event: 4.984 Thread 0x000001951ce89000 Uncommon trap: reason=class_check action=maybe_recompile pc=0x000001950653d308 method=java.util.regex.Matcher.match(II)Z @ 86
Event: 5.004 Thread 0x000001951ce89000 Uncommon trap: reason=class_check action=maybe_recompile pc=0x000001950653d308 method=java.util.regex.Matcher.match(II)Z @ 86
Event: 5.004 Thread 0x000001951ce89000 Uncommon trap: reason=class_check action=maybe_recompile pc=0x000001950653d308 method=java.util.regex.Matcher.match(II)Z @ 86
Event: 5.005 Thread 0x000001951ce89000 Uncommon trap: reason=class_check action=maybe_recompile pc=0x00000195065002dc method=java.util.regex.Matcher.match(II)Z @ 86
Event: 5.285 Thread 0x000001951ce89000 Uncommon trap: reason=unstable_if action=reinterpret pc=0x00000195066202bc method=java.lang.String.lastIndexOf([CII[CIII)I @ 66

Classes redefined (0 events):
No events

Internal exceptions (10 events):
Event: 4.530 Thread 0x000001951c47c800 Exception <a 'java/lang/NoSuchMethodError': <clinit>> (0x00000000e02f3370) thrown at [C:\jenkins\workspace\8-2-build-windows-amd64-cygwin\jdk8u311\1894\hotspot\src\share\vm\prims\jni.cpp, line 1615]
Event: 4.535 Thread 0x000001951c47c800 Exception <a 'java/lang/NoSuchMethodError': <clinit>> (0x00000000e031fc18) thrown at [C:\jenkins\workspace\8-2-build-windows-amd64-cygwin\jdk8u311\1894\hotspot\src\share\vm\prims\jni.cpp, line 1615]
Event: 4.540 Thread 0x000001951c47c800 Exception <a 'java/lang/NoSuchMethodError': <clinit>> (0x00000000e0346a38) thrown at [C:\jenkins\workspace\8-2-build-windows-amd64-cygwin\jdk8u311\1894\hotspot\src\share\vm\prims\jni.cpp, line 1615]
Event: 4.546 Thread 0x000001951c47c800 Exception <a 'java/lang/NoSuchMethodError': <clinit>> (0x00000000e035e610) thrown at [C:\jenkins\workspace\8-2-build-windows-amd64-cygwin\jdk8u311\1894\hotspot\src\share\vm\prims\jni.cpp, line 1615]
Event: 4.547 Thread 0x000001951c47c800 Exception <a 'java/lang/NoSuchMethodError': <clinit>> (0x00000000e03671c8) thrown at [C:\jenkins\workspace\8-2-build-windows-amd64-cygwin\jdk8u311\1894\hotspot\src\share\vm\prims\jni.cpp, line 1615]
Event: 4.549 Thread 0x000001951c47c800 Exception <a 'java/lang/NoSuchMethodError': <clinit>> (0x00000000e037d4f0) thrown at [C:\jenkins\workspace\8-2-build-windows-amd64-cygwin\jdk8u311\1894\hotspot\src\share\vm\prims\jni.cpp, line 1615]
Event: 4.560 Thread 0x000001951c47c800 Exception <a 'java/lang/NoSuchMethodError': <clinit>> (0x00000000e03e1a88) thrown at [C:\jenkins\workspace\8-2-build-windows-amd64-cygwin\jdk8u311\1894\hotspot\src\share\vm\prims\jni.cpp, line 1615]
Event: 4.565 Thread 0x000001951c47c800 Exception <a 'java/lang/NoSuchMethodError': <clinit>> (0x00000000e040d908) thrown at [C:\jenkins\workspace\8-2-build-windows-amd64-cygwin\jdk8u311\1894\hotspot\src\share\vm\prims\jni.cpp, line 1615]
Event: 4.570 Thread 0x000001951c47c800 Exception <a 'java/lang/NoSuchMethodError': <clinit>> (0x00000000e043bb88) thrown at [C:\jenkins\workspace\8-2-build-windows-amd64-cygwin\jdk8u311\1894\hotspot\src\share\vm\prims\jni.cpp, line 1615]
Event: 4.571 Thread 0x000001951c47c800 Exception <a 'java/lang/NoSuchMethodError': <clinit>> (0x00000000e0446b70) thrown at [C:\jenkins\workspace\8-2-build-windows-amd64-cygwin\jdk8u311\1894\hotspot\src\share\vm\prims\jni.cpp, line 1615]

Events (10 events):
Event: 5.415 loading class org/gradle/internal/reflect/ClassInspector
Event: 5.415 loading class org/gradle/internal/reflect/ClassInspector done
Event: 5.415 loading class org/gradle/internal/reflect/ClassDetails
Event: 5.415 loading class org/gradle/internal/reflect/ClassDetails done
Event: 5.416 loading class org/gradle/internal/reflect/MutableClassDetails
Event: 5.416 loading class org/gradle/internal/reflect/MutableClassDetails done
Event: 5.417 loading class org/gradle/internal/reflect/NoSuchPropertyException
Event: 5.417 loading class org/gradle/internal/reflect/NoSuchPropertyException done
Event: 5.417 loading class org/gradle/internal/reflect/PropertyDetails
Event: 5.417 loading class org/gradle/internal/reflect/PropertyDetails done


Dynamic libraries:
0x00007ff600070000 - 0x00007ff6000b7000 	C:\Program Files\Java\jdk1.8.0_311\bin\java.exe
0x00007ffe0b3b0000 - 0x00007ffe0b5a5000 	C:\WINDOWS\SYSTEM32\ntdll.dll
0x00007ffe0aaf0000 - 0x00007ffe0abae000 	C:\WINDOWS\System32\KERNEL32.DLL
0x00007ffe08f30000 - 0x00007ffe091f8000 	C:\WINDOWS\System32\KERNELBASE.dll
0x00007ffe09720000 - 0x00007ffe097ce000 	C:\WINDOWS\System32\ADVAPI32.dll
0x00007ffe09a20000 - 0x00007ffe09abe000 	C:\WINDOWS\System32\msvcrt.dll
0x00007ffe09680000 - 0x00007ffe0971c000 	C:\WINDOWS\System32\sechost.dll
0x00007ffe0ad60000 - 0x00007ffe0ae85000 	C:\WINDOWS\System32\RPCRT4.dll
0x00007ffe0a890000 - 0x00007ffe0aa31000 	C:\WINDOWS\System32\USER32.dll
0x00007ffe08cd0000 - 0x00007ffe08cf2000 	C:\WINDOWS\System32\win32u.dll
0x00007ffe0a4a0000 - 0x00007ffe0a4cb000 	C:\WINDOWS\System32\GDI32.dll
0x00007ffe08e20000 - 0x00007ffe08f2d000 	C:\WINDOWS\System32\gdi32full.dll
0x00007ffe08d80000 - 0x00007ffe08e1d000 	C:\WINDOWS\System32\msvcp_win.dll
0x00007ffe09290000 - 0x00007ffe09390000 	C:\WINDOWS\System32\ucrtbase.dll
0x00007ffdf7770000 - 0x00007ffdf7a0a000 	C:\WINDOWS\WinSxS\amd64_microsoft.windows.common-controls_6595b64144ccf1df_6.0.19041.1110_none_60b5254171f9507e\COMCTL32.dll
0x00007ffe097d0000 - 0x00007ffe09800000 	C:\WINDOWS\System32\IMM32.DLL
0x00007ffddda10000 - 0x00007ffddda25000 	C:\Program Files\Java\jdk1.8.0_311\jre\bin\vcruntime140.dll
0x00007ffddd840000 - 0x00007ffddd8db000 	C:\Program Files\Java\jdk1.8.0_311\jre\bin\msvcp140.dll
0x000000005e8c0000 - 0x000000005f120000 	C:\Program Files\Java\jdk1.8.0_311\jre\bin\server\jvm.dll
0x00007ffe098c0000 - 0x00007ffe098c8000 	C:\WINDOWS\System32\PSAPI.DLL
0x00007ffdfd520000 - 0x00007ffdfd547000 	C:\WINDOWS\SYSTEM32\WINMM.dll
0x00007ffdff380000 - 0x00007ffdff38a000 	C:\WINDOWS\SYSTEM32\VERSION.dll
0x00007ffe02730000 - 0x00007ffe02739000 	C:\WINDOWS\SYSTEM32\WSOCK32.dll
0x00007ffe098d0000 - 0x00007ffe0993b000 	C:\WINDOWS\System32\WS2_32.dll
0x00007ffe06970000 - 0x00007ffe06982000 	C:\WINDOWS\SYSTEM32\kernel.appcore.dll
0x00007ffdeabd0000 - 0x00007ffdeabe0000 	C:\Program Files\Java\jdk1.8.0_311\jre\bin\verify.dll
0x00007ffddd9e0000 - 0x00007ffddda0b000 	C:\Program Files\Java\jdk1.8.0_311\jre\bin\java.dll
0x00007ffddd9c0000 - 0x00007ffddd9d8000 	C:\Program Files\Java\jdk1.8.0_311\jre\bin\zip.dll
0x00007ffe09d40000 - 0x00007ffe0a484000 	C:\WINDOWS\System32\SHELL32.dll
0x00007ffe06b70000 - 0x00007ffe07305000 	C:\WINDOWS\SYSTEM32\windows.storage.dll
0x00007ffe0a530000 - 0x00007ffe0a885000 	C:\WINDOWS\System32\combase.dll
0x00007ffe08440000 - 0x00007ffe0846e000 	C:\WINDOWS\SYSTEM32\Wldp.dll
0x00007ffe09c90000 - 0x00007ffe09d3d000 	C:\WINDOWS\System32\SHCORE.dll
0x00007ffe0ae90000 - 0x00007ffe0aee5000 	C:\WINDOWS\System32\shlwapi.dll
0x00007ffe08a00000 - 0x00007ffe08a1f000 	C:\WINDOWS\SYSTEM32\profapi.dll
0x00007ffddd820000 - 0x00007ffddd83c000 	C:\Program Files\Java\jdk1.8.0_311\jre\bin\net.dll
0x00007ffe08180000 - 0x00007ffe081ea000 	C:\WINDOWS\system32\mswsock.dll
0x00007ffddd800000 - 0x00007ffddd813000 	C:\Program Files\Java\jdk1.8.0_311\jre\bin\nio.dll
0x00007ffddfa70000 - 0x00007ffddfa96000 	C:\Users\utilisateur\.gradle\native\29\windows-amd64\native-platform.dll
0x00007ffdea7e0000 - 0x00007ffdea7ed000 	C:\Program Files\Java\jdk1.8.0_311\jre\bin\management.dll
0x00007ffe08390000 - 0x00007ffe083a8000 	C:\WINDOWS\SYSTEM32\CRYPTSP.dll
0x00007ffe07ae0000 - 0x00007ffe07b14000 	C:\WINDOWS\system32\rsaenh.dll
0x00007ffe08d00000 - 0x00007ffe08d27000 	C:\WINDOWS\System32\bcrypt.dll
0x00007ffe08980000 - 0x00007ffe089ae000 	C:\WINDOWS\SYSTEM32\USERENV.dll
0x00007ffe09200000 - 0x00007ffe09282000 	C:\WINDOWS\System32\bcryptprimitives.dll
0x00007ffe083b0000 - 0x00007ffe083bc000 	C:\WINDOWS\SYSTEM32\CRYPTBASE.dll
0x00007ffe07e60000 - 0x00007ffe07e9b000 	C:\WINDOWS\SYSTEM32\IPHLPAPI.DLL
0x00007ffe09670000 - 0x00007ffe09678000 	C:\WINDOWS\System32\NSI.dll
0x00007ffe02bf0000 - 0x00007ffe02c07000 	C:\WINDOWS\SYSTEM32\dhcpcsvc6.DLL
0x00007ffe02bd0000 - 0x00007ffe02bed000 	C:\WINDOWS\SYSTEM32\dhcpcsvc.DLL
0x00007ffe07eb0000 - 0x00007ffe07f7b000 	C:\WINDOWS\SYSTEM32\DNSAPI.dll
0x00007ffe01740000 - 0x00007ffe01924000 	C:\WINDOWS\SYSTEM32\dbghelp.dll

VM Arguments:
jvm_args: -Xmx1536m -Dfile.encoding=windows-1252 -Duser.country=FR -Duser.language=fr -Duser.variant 
java_command: org.gradle.launcher.daemon.bootstrap.GradleDaemon 5.4.1
java_class_path (initial): C:\Users\utilisateur\.gradle\wrapper\dists\gradle-5.4.1-all\3221gyojl5jsh0helicew7rwx\gradle-5.4.1\lib\gradle-launcher-5.4.1.jar
Launcher Type: SUN_STANDARD

Environment Variables:
JAVA_HOME=C:\Program Files\Java\jdk-17.0.1
PATH=C:\Python310\Scripts\;C:\Python310\;C:\Program Files\Common Files\Oracle\Java\javapath;C:\Program Files (x86)\Common Files\Oracle\Java\javapath;C:\WINDOWS\system32;C:\WINDOWS;C:\WINDOWS\System32\Wbem;C:\WINDOWS\System32\WindowsPowerShell\v1.0\;C:\WINDOWS\System32\OpenSSH\;C:\Program Files\Microsoft Visual Studio\VC98\bin;C:\Program Files\Git\cmd;%MAVEN_HOME%\bin;%JAVA_HOME%;C:\ProgramData\chocolatey\bin;C:\Program Files\nodejs\;C:\Program Files\Amazon\AWSCLIV2\;C:\Program Files\Docker\Docker\resources\bin;C:\ProgramData\DockerDesktop\version-bin;C:\Program Files\Amazon\AWSSAMCLI\bin\;C:\Users\utilisateur\AppData\Local\activestate\cache\bin;C:\Users\utilisateur\AppData\Local\ActiveState\StateTool\release;C:\Users\utilisateur\AppData\Local\Microsoft\WindowsApps;C:\Program Files\JetBrains\IntelliJ IDEA 2021.2.3\bin;;C:\Program Files\Microsoft Visual Studio\VC98\bin;C:\Users\utilisateur\apache-maven-3.8.3\bin;C:\Program Files\Java\jdk-17.0.1\bin;;C:\Users\utilisateur\AppData\Local\Programs\Microsoft VS Code\bin;C:\Users\utilisateur\AppData\Roaming\npm
USERNAME=utilisateur
OS=Windows_NT
PROCESSOR_IDENTIFIER=AMD64 Family 23 Model 24 Stepping 1, AuthenticAMD



---------------  S Y S T E M  ---------------

OS: Windows 10.0 , 64 bit Build 19041 (10.0.19041.1466)

CPU:total 8 (initial active 8) (8 cores per cpu, 1 threads per core) family 23 model 24 stepping 1, cmov, cx8, fxsr, mmx, sse, sse2, sse3, ssse3, sse4.1, sse4.2, popcnt, avx, avx2, aes, clmul, mmxext, 3dnowpref, lzcnt, sse4a, tsc, tscinvbit, tscinv, bmi1

Memory: 4k page, physical 6228620k(238344k free), swap 25102988k(2956k free)

vm_info: Java HotSpot(TM) 64-Bit Server VM (25.311-b11) for windows-amd64 JRE (1.8.0_311-b11), built on Sep 27 2021 05:15:14 by "java_re" with MS VC++ 15.9 (VS2017)

time: Mon Jan 17 03:12:03 2022
timezone: Paris, Madrid
elapsed time: 5.455316 seconds (0d 0h 0m 5s)

