#
# There is insufficient memory for the Java Runtime Environment to continue.
# Native memory allocation (malloc) failed to allocate 1054944 bytes for Chunk::new
# Possible reasons:
#   The system is out of physical RAM or swap space
#   The process is running with CompressedOops enabled, and the Java Heap may be blocking the growth of the native heap
# Possible solutions:
#   Reduce memory load on the system
#   Increase physical memory or swap space
#   Check if swap backing store is full
#   Decrease Java heap size (-Xmx/-Xms)
#   Decrease number of Java threads
#   Decrease Java thread stack sizes (-Xss)
#   Set larger code cache with -XX:ReservedCodeCacheSize=
#   JVM is running with Unscaled Compressed Oops mode in which the Java heap is
#     placed in the first 4GB address space. The Java Heap base address is the
#     maximum limit for the native heap growth. Please use -XX:HeapBaseMinAddress
#     to set the Java Heap base and to place the Java Heap above 4GB virtual address.
# This output file may be truncated or incomplete.
#
#  Out of Memory Error (allocation.cpp:389), pid=18792, tid=0x00000000000037f0
#
# JRE version: Java(TM) SE Runtime Environment (8.0_311-b11) (build 1.8.0_311-b11)
# Java VM: Java HotSpot(TM) 64-Bit Server VM (25.311-b11 mixed mode windows-amd64 compressed oops)
# Failed to write core dump. Minidumps are not enabled by default on client versions of Windows
#

---------------  T H R E A D  ---------------

Current thread (0x0000026c75725000):  JavaThread "C2 CompilerThread1" daemon [_thread_in_native, id=14320, stack(0x0000007800000000,0x0000007800100000)]

Stack: [0x0000007800000000,0x0000007800100000]
Native frames: (J=compiled Java code, j=interpreted, Vv=VM code, C=native code)
V  [jvm.dll+0x32f239]
V  [jvm.dll+0x275882]
V  [jvm.dll+0x27652d]
V  [jvm.dll+0x26cf65]
V  [jvm.dll+0xd558c]
V  [jvm.dll+0xd5d8c]
V  [jvm.dll+0x470b65]
V  [jvm.dll+0x4383c8]
V  [jvm.dll+0x441215]
V  [jvm.dll+0x4405d5]
V  [jvm.dll+0x42b38b]
V  [jvm.dll+0xac22b]
V  [jvm.dll+0xaa88b]
V  [jvm.dll+0x23df22]
V  [jvm.dll+0x29253c]
C  [ucrtbase.dll+0x21bb2]
C  [KERNEL32.DLL+0x17034]
C  [ntdll.dll+0x52651]


Current CompileTask:
C2:   3675 1455       4       java.net.URLClassLoader$1::run (5 bytes)


---------------  P R O C E S S  ---------------

Java Threads: ( => current thread )
  0x0000026c77f79800 JavaThread "Cache worker for journal cache (C:\Users\utilisateur\.gradle\caches\journal-1)" [_thread_blocked, id=14264, stack(0x0000007801100000,0x0000007801200000)]
  0x0000026c77f78000 JavaThread "File lock request listener" [_thread_in_native, id=1128, stack(0x0000007801000000,0x0000007801100000)]
  0x0000026c77f77000 JavaThread "Cache worker for file hash cache (C:\Users\utilisateur\.gradle\caches\5.4.1\fileHashes)" [_thread_blocked, id=15476, stack(0x0000007800f00000,0x0000007801000000)]
  0x0000026c77f78800 JavaThread "Thread-9" [_thread_blocked, id=18096, stack(0x0000007800e00000,0x0000007800f00000)]
  0x0000026c77f75800 JavaThread "Stdin handler" [_thread_blocked, id=21284, stack(0x0000007800d00000,0x0000007800e00000)]
  0x0000026c77f76800 JavaThread "Asynchronous log dispatcher for DefaultDaemonConnection: socket connection from /127.0.0.1:59187 to /127.0.0.1:59188" [_thread_blocked, id=20916, stack(0x0000007800c00000,0x0000007800d00000)]
  0x0000026c75741800 JavaThread "Daemon worker" [_thread_in_vm, id=20712, stack(0x0000007800b00000,0x0000007800c00000)]
  0x0000026c75741000 JavaThread "Cancel handler" [_thread_blocked, id=19372, stack(0x0000007800a00000,0x0000007800b00000)]
  0x0000026c75746800 JavaThread "Handler for socket connection from /127.0.0.1:59187 to /127.0.0.1:59188" [_thread_in_native, id=9816, stack(0x0000007800900000,0x0000007800a00000)]
  0x0000026c75745800 JavaThread "Daemon" [_thread_blocked, id=19488, stack(0x0000007800800000,0x0000007800900000)]
  0x0000026c75743800 JavaThread "Daemon periodic checks" [_thread_blocked, id=20880, stack(0x0000007800700000,0x0000007800800000)]
  0x0000026c75740000 JavaThread "Incoming local TCP Connector on port 59187" [_thread_in_native, id=13740, stack(0x0000007800600000,0x0000007800700000)]
  0x0000026c75742800 JavaThread "Daemon health stats" [_thread_blocked, id=14932, stack(0x0000007800500000,0x0000007800600000)]
  0x0000026c75744000 JavaThread "Service Thread" daemon [_thread_blocked, id=1152, stack(0x0000007800300000,0x0000007800400000)]
  0x0000026c7573f800 JavaThread "C1 CompilerThread3" daemon [_thread_blocked, id=17948, stack(0x0000007800200000,0x0000007800300000)]
  0x0000026c75731000 JavaThread "C2 CompilerThread2" daemon [_thread_in_native, id=22192, stack(0x0000007800100000,0x0000007800200000)]
=>0x0000026c75725000 JavaThread "C2 CompilerThread1" daemon [_thread_in_native, id=14320, stack(0x0000007800000000,0x0000007800100000)]
  0x0000026c75724000 JavaThread "C2 CompilerThread0" daemon [_thread_in_native, id=13604, stack(0x000000787ff00000,0x0000007880000000)]
  0x0000026c75723000 JavaThread "Attach Listener" daemon [_thread_blocked, id=12364, stack(0x000000787fe00000,0x000000787ff00000)]
  0x0000026c7572a800 JavaThread "Signal Dispatcher" daemon [_thread_blocked, id=21912, stack(0x000000787fd00000,0x000000787fe00000)]
  0x0000026c75709000 JavaThread "Finalizer" daemon [_thread_blocked, id=17208, stack(0x000000787fc00000,0x000000787fd00000)]
  0x0000026c756fa000 JavaThread "Reference Handler" daemon [_thread_blocked, id=12352, stack(0x000000787fb00000,0x000000787fc00000)]
  0x0000026c5fbf5000 JavaThread "main" [_thread_blocked, id=7876, stack(0x000000787f100000,0x000000787f200000)]

Other Threads:
  0x0000026c756d4000 VMThread [stack: 0x000000787fa00000,0x000000787fb00000] [id=21156]
  0x0000026c75757000 WatcherThread [stack: 0x0000007800400000,0x0000007800500000] [id=3456]

VM state:not at safepoint (normal execution)

VM Mutex/Monitor currently owned by a thread: None

heap address: 0x00000000a0000000, size: 1536 MB, Compressed Oops mode: 32-bit
Narrow klass base: 0x0000000000000000, Narrow klass shift: 3
Compressed class space size: 1073741824 Address: 0x0000000100000000

Heap:
 PSYoungGen      total 28672K, used 8296K [0x00000000e0000000, 0x00000000e4000000, 0x0000000100000000)
  eden space 24576K, 17% used [0x00000000e0000000,0x00000000e041a3d8,0x00000000e1800000)
  from space 4096K, 100% used [0x00000000e1800000,0x00000000e1c00000,0x00000000e1c00000)
  to   space 8192K, 0% used [0x00000000e3800000,0x00000000e3800000,0x00000000e4000000)
 ParOldGen       total 65536K, used 6047K [0x00000000a0000000, 0x00000000a4000000, 0x00000000e0000000)
  object space 65536K, 9% used [0x00000000a0000000,0x00000000a05e7ec8,0x00000000a4000000)
 Metaspace       used 15751K, capacity 16162K, committed 16256K, reserved 1062912K
  class space    used 2292K, capacity 2431K, committed 2432K, reserved 1048576K

Card table byte_map: [0x0000026c709d0000,0x0000026c70ce0000] byte_map_base: 0x0000026c704d0000

Marking Bits: (ParMarkBitMap*) 0x000000005f0a8030
 Begin Bits: [0x0000026c70ee0000, 0x0000026c726e0000)
 End Bits:   [0x0000026c726e0000, 0x0000026c73ee0000)

Polling page: 0x0000026c615e0000

CodeCache: size=245760Kb used=5381Kb max_used=5381Kb free=240378Kb
 bounds [0x0000026c61610000, 0x0000026c61b60000, 0x0000026c70610000]
 total_blobs=1964 nmethods=1575 adapters=302
 compilation: enabled

Compilation events (10 events):
Event: 3.643 Thread 0x0000026c7573f800 1564       3       com.google.common.base.Splitter$SplittingIterator::<init> (39 bytes)
Event: 3.643 Thread 0x0000026c7573f800 nmethod 1564 0x0000026c61b49e90 code [0x0000026c61b4a000, 0x0000026c61b4a2b8]
Event: 3.643 Thread 0x0000026c7573f800 1565       3       com.google.common.base.AbstractIterator::<init> (12 bytes)
Event: 3.643 Thread 0x0000026c7573f800 nmethod 1565 0x0000026c61b4a410 code [0x0000026c61b4a580, 0x0000026c61b4a758]
Event: 3.643 Thread 0x0000026c7573f800 1569       3       org.gradle.internal.service.DefaultServiceRegistry$SingletonService::get (5 bytes)
Event: 3.643 Thread 0x0000026c7573f800 nmethod 1569 0x0000026c61b4a810 code [0x0000026c61b4a980, 0x0000026c61b4ab90]
Event: 3.643 Thread 0x0000026c7573f800 1570   !   3       org.gradle.internal.service.DefaultServiceRegistry$ManagedObjectServiceProvider::getInstance (81 bytes)
Event: 3.643 Thread 0x0000026c7573f800 nmethod 1570 0x0000026c61b4ac10 code [0x0000026c61b4ad80, 0x0000026c61b4b1f0]
Event: 3.643 Thread 0x0000026c7573f800 1545       1       java.nio.Buffer::capacity (5 bytes)
Event: 3.644 Thread 0x0000026c7573f800 nmethod 1545 0x0000026c61b4b2d0 code [0x0000026c61b4b420, 0x0000026c61b4b538]

GC Heap History (10 events):
Event: 1.029 GC heap before
{Heap before GC invocations=1 (full 0):
 PSYoungGen      total 28672K, used 24576K [0x00000000e0000000, 0x00000000e2000000, 0x0000000100000000)
  eden space 24576K, 100% used [0x00000000e0000000,0x00000000e1800000,0x00000000e1800000)
  from space 4096K, 0% used [0x00000000e1c00000,0x00000000e1c00000,0x00000000e2000000)
  to   space 4096K, 0% used [0x00000000e1800000,0x00000000e1800000,0x00000000e1c00000)
 ParOldGen       total 65536K, used 0K [0x00000000a0000000, 0x00000000a4000000, 0x00000000e0000000)
  object space 65536K, 0% used [0x00000000a0000000,0x00000000a0000000,0x00000000a4000000)
 Metaspace       used 6946K, capacity 7220K, committed 7424K, reserved 1056768K
  class space    used 875K, capacity 944K, committed 1024K, reserved 1048576K
Event: 1.036 GC heap after
Heap after GC invocations=1 (full 0):
 PSYoungGen      total 28672K, used 4088K [0x00000000e0000000, 0x00000000e2000000, 0x0000000100000000)
  eden space 24576K, 0% used [0x00000000e0000000,0x00000000e0000000,0x00000000e1800000)
  from space 4096K, 99% used [0x00000000e1800000,0x00000000e1bfe2b8,0x00000000e1c00000)
  to   space 4096K, 0% used [0x00000000e1c00000,0x00000000e1c00000,0x00000000e2000000)
 ParOldGen       total 65536K, used 56K [0x00000000a0000000, 0x00000000a4000000, 0x00000000e0000000)
  object space 65536K, 0% used [0x00000000a0000000,0x00000000a000e000,0x00000000a4000000)
 Metaspace       used 6946K, capacity 7220K, committed 7424K, reserved 1056768K
  class space    used 875K, capacity 944K, committed 1024K, reserved 1048576K
}
Event: 1.458 GC heap before
{Heap before GC invocations=2 (full 0):
 PSYoungGen      total 28672K, used 28664K [0x00000000e0000000, 0x00000000e2000000, 0x0000000100000000)
  eden space 24576K, 100% used [0x00000000e0000000,0x00000000e1800000,0x00000000e1800000)
  from space 4096K, 99% used [0x00000000e1800000,0x00000000e1bfe2b8,0x00000000e1c00000)
  to   space 4096K, 0% used [0x00000000e1c00000,0x00000000e1c00000,0x00000000e2000000)
 ParOldGen       total 65536K, used 56K [0x00000000a0000000, 0x00000000a4000000, 0x00000000e0000000)
  object space 65536K, 0% used [0x00000000a0000000,0x00000000a000e000,0x00000000a4000000)
 Metaspace       used 7190K, capacity 7532K, committed 7680K, reserved 1056768K
  class space    used 901K, capacity 984K, committed 1024K, reserved 1048576K
Event: 1.462 GC heap after
Heap after GC invocations=2 (full 0):
 PSYoungGen      total 28672K, used 3089K [0x00000000e0000000, 0x00000000e2000000, 0x0000000100000000)
  eden space 24576K, 0% used [0x00000000e0000000,0x00000000e0000000,0x00000000e1800000)
  from space 4096K, 75% used [0x00000000e1c00000,0x00000000e1f045b0,0x00000000e2000000)
  to   space 4096K, 0% used [0x00000000e1800000,0x00000000e1800000,0x00000000e1c00000)
 ParOldGen       total 65536K, used 64K [0x00000000a0000000, 0x00000000a4000000, 0x00000000e0000000)
  object space 65536K, 0% used [0x00000000a0000000,0x00000000a0010000,0x00000000a4000000)
 Metaspace       used 7190K, capacity 7532K, committed 7680K, reserved 1056768K
  class space    used 901K, capacity 984K, committed 1024K, reserved 1048576K
}
Event: 2.852 GC heap before
{Heap before GC invocations=3 (full 0):
 PSYoungGen      total 28672K, used 27665K [0x00000000e0000000, 0x00000000e2000000, 0x0000000100000000)
  eden space 24576K, 100% used [0x00000000e0000000,0x00000000e1800000,0x00000000e1800000)
  from space 4096K, 75% used [0x00000000e1c00000,0x00000000e1f045b0,0x00000000e2000000)
  to   space 4096K, 0% used [0x00000000e1800000,0x00000000e1800000,0x00000000e1c00000)
 ParOldGen       total 65536K, used 64K [0x00000000a0000000, 0x00000000a4000000, 0x00000000e0000000)
  object space 65536K, 0% used [0x00000000a0000000,0x00000000a0010000,0x00000000a4000000)
 Metaspace       used 10737K, capacity 11080K, committed 11264K, reserved 1058816K
  class space    used 1444K, capacity 1522K, committed 1536K, reserved 1048576K
Event: 2.857 GC heap after
Heap after GC invocations=3 (full 0):
 PSYoungGen      total 28672K, used 4080K [0x00000000e0000000, 0x00000000e2000000, 0x0000000100000000)
  eden space 24576K, 0% used [0x00000000e0000000,0x00000000e0000000,0x00000000e1800000)
  from space 4096K, 99% used [0x00000000e1800000,0x00000000e1bfc030,0x00000000e1c00000)
  to   space 4096K, 0% used [0x00000000e1c00000,0x00000000e1c00000,0x00000000e2000000)
 ParOldGen       total 65536K, used 1130K [0x00000000a0000000, 0x00000000a4000000, 0x00000000e0000000)
  object space 65536K, 1% used [0x00000000a0000000,0x00000000a011a910,0x00000000a4000000)
 Metaspace       used 10737K, capacity 11080K, committed 11264K, reserved 1058816K
  class space    used 1444K, capacity 1522K, committed 1536K, reserved 1048576K
}
Event: 3.200 GC heap before
{Heap before GC invocations=4 (full 0):
 PSYoungGen      total 28672K, used 28656K [0x00000000e0000000, 0x00000000e2000000, 0x0000000100000000)
  eden space 24576K, 100% used [0x00000000e0000000,0x00000000e1800000,0x00000000e1800000)
  from space 4096K, 99% used [0x00000000e1800000,0x00000000e1bfc030,0x00000000e1c00000)
  to   space 4096K, 0% used [0x00000000e1c00000,0x00000000e1c00000,0x00000000e2000000)
 ParOldGen       total 65536K, used 1130K [0x00000000a0000000, 0x00000000a4000000, 0x00000000e0000000)
  object space 65536K, 1% used [0x00000000a0000000,0x00000000a011a910,0x00000000a4000000)
 Metaspace       used 13470K, capacity 13906K, committed 14080K, reserved 1060864K
  class space    used 1899K, capacity 2037K, committed 2048K, reserved 1048576K
Event: 3.207 GC heap after
Heap after GC invocations=4 (full 0):
 PSYoungGen      total 28672K, used 4064K [0x00000000e0000000, 0x00000000e2000000, 0x0000000100000000)
  eden space 24576K, 0% used [0x00000000e0000000,0x00000000e0000000,0x00000000e1800000)
  from space 4096K, 99% used [0x00000000e1c00000,0x00000000e1ff8040,0x00000000e2000000)
  to   space 4096K, 0% used [0x00000000e1800000,0x00000000e1800000,0x00000000e1c00000)
 ParOldGen       total 65536K, used 3345K [0x00000000a0000000, 0x00000000a4000000, 0x00000000e0000000)
  object space 65536K, 5% used [0x00000000a0000000,0x00000000a0344688,0x00000000a4000000)
 Metaspace       used 13470K, capacity 13906K, committed 14080K, reserved 1060864K
  class space    used 1899K, capacity 2037K, committed 2048K, reserved 1048576K
}
Event: 3.611 GC heap before
{Heap before GC invocations=5 (full 0):
 PSYoungGen      total 28672K, used 28640K [0x00000000e0000000, 0x00000000e2000000, 0x0000000100000000)
  eden space 24576K, 100% used [0x00000000e0000000,0x00000000e1800000,0x00000000e1800000)
  from space 4096K, 99% used [0x00000000e1c00000,0x00000000e1ff8040,0x00000000e2000000)
  to   space 4096K, 0% used [0x00000000e1800000,0x00000000e1800000,0x00000000e1c00000)
 ParOldGen       total 65536K, used 3345K [0x00000000a0000000, 0x00000000a4000000, 0x00000000e0000000)
  object space 65536K, 5% used [0x00000000a0000000,0x00000000a0344688,0x00000000a4000000)
 Metaspace       used 15446K, capacity 15938K, committed 16000K, reserved 1062912K
  class space    used 2236K, capacity 2399K, committed 2432K, reserved 1048576K
Event: 3.618 GC heap after
Heap after GC invocations=5 (full 0):
 PSYoungGen      total 28672K, used 4096K [0x00000000e0000000, 0x00000000e4000000, 0x0000000100000000)
  eden space 24576K, 0% used [0x00000000e0000000,0x00000000e0000000,0x00000000e1800000)
  from space 4096K, 100% used [0x00000000e1800000,0x00000000e1c00000,0x00000000e1c00000)
  to   space 8192K, 0% used [0x00000000e3800000,0x00000000e3800000,0x00000000e4000000)
 ParOldGen       total 65536K, used 6047K [0x00000000a0000000, 0x00000000a4000000, 0x00000000e0000000)
  object space 65536K, 9% used [0x00000000a0000000,0x00000000a05e7ec8,0x00000000a4000000)
 Metaspace       used 15446K, capacity 15938K, committed 16000K, reserved 1062912K
  class space    used 2236K, capacity 2399K, committed 2432K, reserved 1048576K
}

Deoptimization events (10 events):
Event: 2.929 Thread 0x0000026c75746800 Uncommon trap: reason=unstable_if action=reinterpret pc=0x0000026c619d0584 method=java.util.concurrent.ConcurrentHashMap.putVal(Ljava/lang/Object;Ljava/lang/Object;Z)Ljava/lang/Object; @ 206
Event: 3.003 Thread 0x0000026c75741800 Uncommon trap: reason=bimorphic action=maybe_recompile pc=0x0000026c618b07c4 method=java.util.HashMap.putVal(ILjava/lang/Object;Ljava/lang/Object;ZZ)Ljava/lang/Object; @ 253
Event: 3.004 Thread 0x0000026c75741800 Uncommon trap: reason=bimorphic action=maybe_recompile pc=0x0000026c618b07c4 method=java.util.HashMap.putVal(ILjava/lang/Object;Ljava/lang/Object;ZZ)Ljava/lang/Object; @ 253
Event: 3.004 Thread 0x0000026c75741800 Uncommon trap: reason=bimorphic action=maybe_recompile pc=0x0000026c618b07c4 method=java.util.HashMap.putVal(ILjava/lang/Object;Ljava/lang/Object;ZZ)Ljava/lang/Object; @ 253
Event: 3.004 Thread 0x0000026c75741800 Uncommon trap: reason=bimorphic action=maybe_recompile pc=0x0000026c618b07c4 method=java.util.HashMap.putVal(ILjava/lang/Object;Ljava/lang/Object;ZZ)Ljava/lang/Object; @ 253
Event: 3.197 Thread 0x0000026c75741800 Uncommon trap: reason=class_check action=maybe_recompile pc=0x0000026c618ea988 method=java.util.regex.Matcher.match(II)Z @ 86
Event: 3.215 Thread 0x0000026c75741800 Uncommon trap: reason=class_check action=maybe_recompile pc=0x0000026c618ea988 method=java.util.regex.Matcher.match(II)Z @ 86
Event: 3.216 Thread 0x0000026c75741800 Uncommon trap: reason=class_check action=maybe_recompile pc=0x0000026c618ea988 method=java.util.regex.Matcher.match(II)Z @ 86
Event: 3.216 Thread 0x0000026c75741800 Uncommon trap: reason=class_check action=maybe_recompile pc=0x0000026c618b63dc method=java.util.regex.Matcher.match(II)Z @ 86
Event: 3.581 Thread 0x0000026c75741800 Uncommon trap: reason=unstable_if action=reinterpret pc=0x0000026c619c81bc method=java.lang.String.lastIndexOf([CII[CIII)I @ 66

Classes redefined (0 events):
No events

Internal exceptions (10 events):
Event: 2.933 Thread 0x0000026c75746800 Exception <a 'java/lang/NoSuchMethodError': <clinit>> (0x00000000e02f0700) thrown at [C:\jenkins\workspace\8-2-build-windows-amd64-cygwin\jdk8u311\1894\hotspot\src\share\vm\prims\jni.cpp, line 1615]
Event: 2.937 Thread 0x0000026c75746800 Exception <a 'java/lang/NoSuchMethodError': <clinit>> (0x00000000e031cf78) thrown at [C:\jenkins\workspace\8-2-build-windows-amd64-cygwin\jdk8u311\1894\hotspot\src\share\vm\prims\jni.cpp, line 1615]
Event: 2.941 Thread 0x0000026c75746800 Exception <a 'java/lang/NoSuchMethodError': <clinit>> (0x00000000e0343db8) thrown at [C:\jenkins\workspace\8-2-build-windows-amd64-cygwin\jdk8u311\1894\hotspot\src\share\vm\prims\jni.cpp, line 1615]
Event: 2.944 Thread 0x0000026c75746800 Exception <a 'java/lang/NoSuchMethodError': <clinit>> (0x00000000e035b9a0) thrown at [C:\jenkins\workspace\8-2-build-windows-amd64-cygwin\jdk8u311\1894\hotspot\src\share\vm\prims\jni.cpp, line 1615]
Event: 2.945 Thread 0x0000026c75746800 Exception <a 'java/lang/NoSuchMethodError': <clinit>> (0x00000000e0364558) thrown at [C:\jenkins\workspace\8-2-build-windows-amd64-cygwin\jdk8u311\1894\hotspot\src\share\vm\prims\jni.cpp, line 1615]
Event: 2.946 Thread 0x0000026c75746800 Exception <a 'java/lang/NoSuchMethodError': <clinit>> (0x00000000e037a800) thrown at [C:\jenkins\workspace\8-2-build-windows-amd64-cygwin\jdk8u311\1894\hotspot\src\share\vm\prims\jni.cpp, line 1615]
Event: 2.957 Thread 0x0000026c75746800 Exception <a 'java/lang/NoSuchMethodError': <clinit>> (0x00000000e03ded30) thrown at [C:\jenkins\workspace\8-2-build-windows-amd64-cygwin\jdk8u311\1894\hotspot\src\share\vm\prims\jni.cpp, line 1615]
Event: 2.963 Thread 0x0000026c75746800 Exception <a 'java/lang/NoSuchMethodError': <clinit>> (0x00000000e040abf0) thrown at [C:\jenkins\workspace\8-2-build-windows-amd64-cygwin\jdk8u311\1894\hotspot\src\share\vm\prims\jni.cpp, line 1615]
Event: 2.969 Thread 0x0000026c75746800 Exception <a 'java/lang/NoSuchMethodError': <clinit>> (0x00000000e0438e90) thrown at [C:\jenkins\workspace\8-2-build-windows-amd64-cygwin\jdk8u311\1894\hotspot\src\share\vm\prims\jni.cpp, line 1615]
Event: 2.970 Thread 0x0000026c75746800 Exception <a 'java/lang/NoSuchMethodError': <clinit>> (0x00000000e0443e78) thrown at [C:\jenkins\workspace\8-2-build-windows-amd64-cygwin\jdk8u311\1894\hotspot\src\share\vm\prims\jni.cpp, line 1615]

Events (10 events):
Event: 3.645 loading class org/gradle/internal/operations/RunnableBuildOperation done
Event: 3.645 loading class org/gradle/groovy/scripts/internal/BuildOperationBackedScriptCompilationHandler$1
Event: 3.645 loading class org/gradle/groovy/scripts/internal/BuildOperationBackedScriptCompilationHandler$1 done
Event: 3.645 loading class org/gradle/groovy/scripts/internal/DefaultScriptCompilationHandler
Event: 3.645 loading class org/gradle/groovy/scripts/internal/DefaultScriptCompilationHandler done
Event: 3.646 loading class org/codehaus/groovy/control/MultipleCompilationErrorsException
Event: 3.646 loading class org/codehaus/groovy/control/MultipleCompilationErrorsException done
Event: 3.647 loading class org/codehaus/groovy/control/CompilationFailedException
Event: 3.647 loading class org/codehaus/groovy/control/CompilationFailedException done
Event: 3.648 loading class groovy/lang/GroovyRuntimeException


Dynamic libraries:
0x00007ff693f90000 - 0x00007ff693fd7000 	C:\Program Files\Java\jdk1.8.0_311\bin\java.exe
0x00007ffe0b3b0000 - 0x00007ffe0b5a5000 	C:\WINDOWS\SYSTEM32\ntdll.dll
0x00007ffe0aaf0000 - 0x00007ffe0abae000 	C:\WINDOWS\System32\KERNEL32.DLL
0x00007ffe08f30000 - 0x00007ffe091f8000 	C:\WINDOWS\System32\KERNELBASE.dll
0x00007ffe09720000 - 0x00007ffe097ce000 	C:\WINDOWS\System32\ADVAPI32.dll
0x00007ffe09a20000 - 0x00007ffe09abe000 	C:\WINDOWS\System32\msvcrt.dll
0x00007ffe09680000 - 0x00007ffe0971c000 	C:\WINDOWS\System32\sechost.dll
0x00007ffe0ad60000 - 0x00007ffe0ae85000 	C:\WINDOWS\System32\RPCRT4.dll
0x00007ffe0a890000 - 0x00007ffe0aa31000 	C:\WINDOWS\System32\USER32.dll
0x00007ffe08cd0000 - 0x00007ffe08cf2000 	C:\WINDOWS\System32\win32u.dll
0x00007ffe0a4a0000 - 0x00007ffe0a4cb000 	C:\WINDOWS\System32\GDI32.dll
0x00007ffe08e20000 - 0x00007ffe08f2d000 	C:\WINDOWS\System32\gdi32full.dll
0x00007ffe08d80000 - 0x00007ffe08e1d000 	C:\WINDOWS\System32\msvcp_win.dll
0x00007ffe09290000 - 0x00007ffe09390000 	C:\WINDOWS\System32\ucrtbase.dll
0x00007ffdf7770000 - 0x00007ffdf7a0a000 	C:\WINDOWS\WinSxS\amd64_microsoft.windows.common-controls_6595b64144ccf1df_6.0.19041.1110_none_60b5254171f9507e\COMCTL32.dll
0x00007ffe097d0000 - 0x00007ffe09800000 	C:\WINDOWS\System32\IMM32.DLL
0x00007ffde08d0000 - 0x00007ffde08e5000 	C:\Program Files\Java\jdk1.8.0_311\jre\bin\vcruntime140.dll
0x00007ffdddc30000 - 0x00007ffdddccb000 	C:\Program Files\Java\jdk1.8.0_311\jre\bin\msvcp140.dll
0x000000005e8c0000 - 0x000000005f120000 	C:\Program Files\Java\jdk1.8.0_311\jre\bin\server\jvm.dll
0x00007ffe098c0000 - 0x00007ffe098c8000 	C:\WINDOWS\System32\PSAPI.DLL
0x00007ffdff380000 - 0x00007ffdff38a000 	C:\WINDOWS\SYSTEM32\VERSION.dll
0x00007ffdfd520000 - 0x00007ffdfd547000 	C:\WINDOWS\SYSTEM32\WINMM.dll
0x00007ffe02730000 - 0x00007ffe02739000 	C:\WINDOWS\SYSTEM32\WSOCK32.dll
0x00007ffe098d0000 - 0x00007ffe0993b000 	C:\WINDOWS\System32\WS2_32.dll
0x00007ffe06970000 - 0x00007ffe06982000 	C:\WINDOWS\SYSTEM32\kernel.appcore.dll
0x00007ffe031e0000 - 0x00007ffe031f0000 	C:\Program Files\Java\jdk1.8.0_311\jre\bin\verify.dll
0x00007ffdddc00000 - 0x00007ffdddc2b000 	C:\Program Files\Java\jdk1.8.0_311\jre\bin\java.dll
0x00007ffde08b0000 - 0x00007ffde08c8000 	C:\Program Files\Java\jdk1.8.0_311\jre\bin\zip.dll
0x00007ffe09d40000 - 0x00007ffe0a484000 	C:\WINDOWS\System32\SHELL32.dll
0x00007ffe06b70000 - 0x00007ffe07305000 	C:\WINDOWS\SYSTEM32\windows.storage.dll
0x00007ffe0a530000 - 0x00007ffe0a885000 	C:\WINDOWS\System32\combase.dll
0x00007ffe08440000 - 0x00007ffe0846e000 	C:\WINDOWS\SYSTEM32\Wldp.dll
0x00007ffe09c90000 - 0x00007ffe09d3d000 	C:\WINDOWS\System32\SHCORE.dll
0x00007ffe0ae90000 - 0x00007ffe0aee5000 	C:\WINDOWS\System32\shlwapi.dll
0x00007ffe08a00000 - 0x00007ffe08a1f000 	C:\WINDOWS\SYSTEM32\profapi.dll
0x00007ffdddba0000 - 0x00007ffdddbbc000 	C:\Program Files\Java\jdk1.8.0_311\jre\bin\net.dll
0x00007ffe08180000 - 0x00007ffe081ea000 	C:\WINDOWS\system32\mswsock.dll
0x00007ffdddb80000 - 0x00007ffdddb93000 	C:\Program Files\Java\jdk1.8.0_311\jre\bin\nio.dll
0x00007ffddfa70000 - 0x00007ffddfa96000 	C:\Users\utilisateur\.gradle\native\29\windows-amd64\native-platform.dll
0x00007ffdf06a0000 - 0x00007ffdf06ad000 	C:\Program Files\Java\jdk1.8.0_311\jre\bin\management.dll
0x00007ffe08390000 - 0x00007ffe083a8000 	C:\WINDOWS\SYSTEM32\CRYPTSP.dll
0x00007ffe07ae0000 - 0x00007ffe07b14000 	C:\WINDOWS\system32\rsaenh.dll
0x00007ffe08d00000 - 0x00007ffe08d27000 	C:\WINDOWS\System32\bcrypt.dll
0x00007ffe08980000 - 0x00007ffe089ae000 	C:\WINDOWS\SYSTEM32\USERENV.dll
0x00007ffe09200000 - 0x00007ffe09282000 	C:\WINDOWS\System32\bcryptprimitives.dll
0x00007ffe083b0000 - 0x00007ffe083bc000 	C:\WINDOWS\SYSTEM32\CRYPTBASE.dll
0x00007ffe07e60000 - 0x00007ffe07e9b000 	C:\WINDOWS\SYSTEM32\IPHLPAPI.DLL
0x00007ffe09670000 - 0x00007ffe09678000 	C:\WINDOWS\System32\NSI.dll
0x00007ffe02bf0000 - 0x00007ffe02c07000 	C:\WINDOWS\SYSTEM32\dhcpcsvc6.DLL
0x00007ffe02bd0000 - 0x00007ffe02bed000 	C:\WINDOWS\SYSTEM32\dhcpcsvc.DLL
0x00007ffe07eb0000 - 0x00007ffe07f7b000 	C:\WINDOWS\SYSTEM32\DNSAPI.dll
0x00007ffe01740000 - 0x00007ffe01924000 	C:\WINDOWS\SYSTEM32\dbghelp.dll

VM Arguments:
jvm_args: -Xmx1536m -Dfile.encoding=windows-1252 -Duser.country=FR -Duser.language=fr -Duser.variant 
java_command: org.gradle.launcher.daemon.bootstrap.GradleDaemon 5.4.1
java_class_path (initial): C:\Users\utilisateur\.gradle\wrapper\dists\gradle-5.4.1-all\3221gyojl5jsh0helicew7rwx\gradle-5.4.1\lib\gradle-launcher-5.4.1.jar
Launcher Type: SUN_STANDARD

Environment Variables:
JAVA_HOME=C:\Program Files\Java\jdk-17.0.1
PATH=C:\Python310\Scripts\;C:\Python310\;C:\Program Files\Common Files\Oracle\Java\javapath;C:\Program Files (x86)\Common Files\Oracle\Java\javapath;C:\WINDOWS\system32;C:\WINDOWS;C:\WINDOWS\System32\Wbem;C:\WINDOWS\System32\WindowsPowerShell\v1.0\;C:\WINDOWS\System32\OpenSSH\;C:\Program Files\Microsoft Visual Studio\VC98\bin;C:\Program Files\Git\cmd;%MAVEN_HOME%\bin;%JAVA_HOME%;C:\ProgramData\chocolatey\bin;C:\Program Files\nodejs\;C:\Program Files\Amazon\AWSCLIV2\;C:\Program Files\Docker\Docker\resources\bin;C:\ProgramData\DockerDesktop\version-bin;C:\Program Files\Amazon\AWSSAMCLI\bin\;C:\Users\utilisateur\AppData\Local\activestate\cache\bin;C:\Users\utilisateur\AppData\Local\ActiveState\StateTool\release;C:\Users\utilisateur\AppData\Local\Microsoft\WindowsApps;C:\Program Files\JetBrains\IntelliJ IDEA 2021.2.3\bin;;C:\Program Files\Microsoft Visual Studio\VC98\bin;C:\Users\utilisateur\apache-maven-3.8.3\bin;C:\Program Files\Java\jdk-17.0.1\bin;;C:\Users\utilisateur\AppData\Local\Programs\Microsoft VS Code\bin;C:\Users\utilisateur\AppData\Roaming\npm
USERNAME=utilisateur
OS=Windows_NT
PROCESSOR_IDENTIFIER=AMD64 Family 23 Model 24 Stepping 1, AuthenticAMD



---------------  S Y S T E M  ---------------

OS: Windows 10.0 , 64 bit Build 19041 (10.0.19041.1466)

CPU:total 8 (initial active 8) (8 cores per cpu, 1 threads per core) family 23 model 24 stepping 1, cmov, cx8, fxsr, mmx, sse, sse2, sse3, ssse3, sse4.1, sse4.2, popcnt, avx, avx2, aes, clmul, mmxext, 3dnowpref, lzcnt, sse4a, tsc, tscinvbit, tscinv, bmi1

Memory: 4k page, physical 6228620k(287868k free), swap 25102988k(5000k free)

vm_info: Java HotSpot(TM) 64-Bit Server VM (25.311-b11) for windows-amd64 JRE (1.8.0_311-b11), built on Sep 27 2021 05:15:14 by "java_re" with MS VC++ 15.9 (VS2017)

time: Mon Jan 17 03:15:53 2022
timezone: Paris, Madrid
elapsed time: 3.681753 seconds (0d 0h 0m 3s)

